<?xml version="1.0" encoding="UTF-8"?>
<!-- Generated by org.testng.reporters.JUnitXMLReporter -->
<testsuite hostname="DESKTOP-QQACKJ4" name="Script_Execution_Transpose" tests="4" failures="0" timestamp="6 Jul 2017 18:59:08 GMT" time="106.696" errors="0">
  <testcase name="cNetLoginScenario" time="8.653" classname="BatchExecution.Script_Execution_Transpose"/>
  <testcase name="UpdateVM_NewYork_AWS_Dev59" time="51.021" classname="BatchExecution.Script_Execution_Transpose"/>
  <testcase name="UpdateVM_NewYork_VMWare_Dev59" time="37.789" classname="BatchExecution.Script_Execution_Transpose"/>
  <testcase name="cNetLogoutScenario" time="2.644" classname="BatchExecution.Script_Execution_Transpose"/>
</testsuite> <!-- Script_Execution_Transpose -->
