<?xml version="1.0" encoding="UTF-8"?>
<!-- Generated by org.testng.reporters.JUnitXMLReporter -->
<testsuite hostname="DESKTOP-QQACKJ4" name="Script_Execution_Transpose" tests="4" failures="0" timestamp="11 Jul 2017 19:26:12 GMT" time="115.684" errors="0">
  <testcase name="cNetLoginScenario" time="13.251" classname="BatchExecution.Script_Execution_Transpose"/>
  <testcase name="UpdateVM_Delete" time="64.942" classname="BatchExecution.Script_Execution_Transpose"/>
  <testcase name="UpdateVM_Delete" time="29.543" classname="BatchExecution.Script_Execution_Transpose"/>
  <testcase name="cNetLogoutScenario" time="2.104" classname="BatchExecution.Script_Execution_Transpose"/>
</testsuite> <!-- Script_Execution_Transpose -->
