<?xml version="1.0" encoding="UTF-8"?>
<!-- Generated by org.testng.reporters.JUnitXMLReporter -->
<testsuite hostname="DESKTOP-QQACKJ4" name="Default test" tests="11" failures="0" timestamp="24 Jul 2017 18:28:33 GMT" time="1294.025" errors="0">
  <testcase name="cNetLoginScenario" time="9.369" classname="BatchExecution.UpdateVMScenario"/>
  <testcase name="UpdateVM_AddUser_NewYork_AWS_PRD32" time="126.554" classname="BatchExecution.UpdateVMScenario"/>
  <testcase name="UpdateVM_AddUser_NewYork_VMWare_PRD32" time="125.754" classname="BatchExecution.UpdateVMScenario"/>
  <testcase name="UpdateVM_AddUser_NewYork_VMWare_PRD30" time="135.374" classname="BatchExecution.UpdateVMScenario"/>
  <testcase name="UpdateVM_AddUser_NewYork_VMWare_DEV83" time="112.788" classname="BatchExecution.UpdateVMScenario"/>
  <testcase name="UpdateVM_AddUser_NewYork_VMWare_DEV13" time="178.192" classname="BatchExecution.UpdateVMScenario"/>
  <testcase name="UpdateVM_AddUser_NewYork_VMWare_DEV91" time="114.826" classname="BatchExecution.UpdateVMScenario"/>
  <testcase name="UpdateVM_AddUser_NewYork_VMWare_DEV59" time="191.4" classname="BatchExecution.UpdateVMScenario"/>
  <testcase name="UpdateVM_AddUser_NewYork_VMWare_DEV63" time="114.688" classname="BatchExecution.UpdateVMScenario"/>
  <testcase name="UpdateVM_AddUser_NewYork_VMWare_DEV84" time="174.912" classname="BatchExecution.UpdateVMScenario"/>
  <testcase name="cNetLogoutScenario" time="1.79" classname="BatchExecution.UpdateVMScenario"/>
</testsuite> <!-- Default test -->
