<?xml version="1.0" encoding="UTF-8"?>
<!-- Generated by org.testng.reporters.JUnitXMLReporter -->
<testsuite hostname="DESKTOP-QQACKJ4" name="Test" tests="33" failures="30" timestamp="17 Jul 2017 21:50:41 GMT" time="8352.363" errors="0">
  <testcase name="cNetLoginScenario" time="10.274" classname="BatchExecution.UpdateVMScenario"/>
  <testcase name="UpdateVM_Dallas_OpenStack_Dev63" time="135.936" classname="BatchExecution.UpdateVMScenario"/>
  <testcase name="UpdateVM_Dallas_OpenStack_Dev59" time="366.474" classname="BatchExecution.UpdateVMScenario">
    <failure type="atu.testng.reports.exceptions.ATUReporterStepFailedException">
      <![CDATA[[ATU Custom Reporter Step Failed Exception]
	at atu.testng.reports.listeners.ATUReportsListener.onTestSuccess(Unknown Source)
... Removed 20 stack frames]]>
    </failure>
  </testcase> <!-- UpdateVM_Dallas_OpenStack_Dev59 -->
  <testcase name="UpdateVM_Dallas_OpenStack_Dev91" time="307.667" classname="BatchExecution.UpdateVMScenario">
    <failure type="atu.testng.reports.exceptions.ATUReporterStepFailedException">
      <![CDATA[[ATU Custom Reporter Step Failed Exception]
	at atu.testng.reports.listeners.ATUReportsListener.onTestSuccess(Unknown Source)
... Removed 20 stack frames]]>
    </failure>
  </testcase> <!-- UpdateVM_Dallas_OpenStack_Dev91 -->
  <testcase name="UpdateVM_Dallas_OpenStack_Dev13" time="296.404" classname="BatchExecution.UpdateVMScenario">
    <failure type="atu.testng.reports.exceptions.ATUReporterStepFailedException">
      <![CDATA[[ATU Custom Reporter Step Failed Exception]
	at atu.testng.reports.listeners.ATUReportsListener.onTestSuccess(Unknown Source)
... Removed 20 stack frames]]>
    </failure>
  </testcase> <!-- UpdateVM_Dallas_OpenStack_Dev13 -->
  <testcase name="UpdateVM_Dallas_OpenStack_Dev83" time="276.302" classname="BatchExecution.UpdateVMScenario">
    <failure type="atu.testng.reports.exceptions.ATUReporterStepFailedException">
      <![CDATA[[ATU Custom Reporter Step Failed Exception]
	at atu.testng.reports.listeners.ATUReportsListener.onTestSuccess(Unknown Source)
... Removed 20 stack frames]]>
    </failure>
  </testcase> <!-- UpdateVM_Dallas_OpenStack_Dev83 -->
  <testcase name="UpdateVM_Dallas_OpenStack_Dev84" time="360.767" classname="BatchExecution.UpdateVMScenario">
    <failure type="atu.testng.reports.exceptions.ATUReporterStepFailedException">
      <![CDATA[[ATU Custom Reporter Step Failed Exception]
	at atu.testng.reports.listeners.ATUReportsListener.onTestSuccess(Unknown Source)
... Removed 20 stack frames]]>
    </failure>
  </testcase> <!-- UpdateVM_Dallas_OpenStack_Dev84 -->
  <testcase name="UpdateVM_Dallas_OpenStack_Prod30" time="291.841" classname="BatchExecution.UpdateVMScenario">
    <failure type="atu.testng.reports.exceptions.ATUReporterStepFailedException">
      <![CDATA[[ATU Custom Reporter Step Failed Exception]
	at atu.testng.reports.listeners.ATUReportsListener.onTestSuccess(Unknown Source)
... Removed 20 stack frames]]>
    </failure>
  </testcase> <!-- UpdateVM_Dallas_OpenStack_Prod30 -->
  <testcase name="UpdateVM_Dallas_OpenStack_Prod32" time="265.801" classname="BatchExecution.UpdateVMScenario">
    <failure type="atu.testng.reports.exceptions.ATUReporterStepFailedException">
      <![CDATA[[ATU Custom Reporter Step Failed Exception]
	at atu.testng.reports.listeners.ATUReportsListener.onTestSuccess(Unknown Source)
... Removed 20 stack frames]]>
    </failure>
  </testcase> <!-- UpdateVM_Dallas_OpenStack_Prod32 -->
  <testcase name="UpdateVM_Dallas_Azure_Dev63" time="267.3" classname="BatchExecution.UpdateVMScenario">
    <failure type="atu.testng.reports.exceptions.ATUReporterStepFailedException">
      <![CDATA[[ATU Custom Reporter Step Failed Exception]
	at atu.testng.reports.listeners.ATUReportsListener.onTestSuccess(Unknown Source)
... Removed 20 stack frames]]>
    </failure>
  </testcase> <!-- UpdateVM_Dallas_Azure_Dev63 -->
  <testcase name="UpdateVM_Dallas_Azure_Dev59" time="259.927" classname="BatchExecution.UpdateVMScenario">
    <failure type="atu.testng.reports.exceptions.ATUReporterStepFailedException">
      <![CDATA[[ATU Custom Reporter Step Failed Exception]
	at atu.testng.reports.listeners.ATUReportsListener.onTestSuccess(Unknown Source)
... Removed 20 stack frames]]>
    </failure>
  </testcase> <!-- UpdateVM_Dallas_Azure_Dev59 -->
  <testcase name="UpdateVM_Dallas_Azure_Dev91" time="262.861" classname="BatchExecution.UpdateVMScenario">
    <failure type="atu.testng.reports.exceptions.ATUReporterStepFailedException">
      <![CDATA[[ATU Custom Reporter Step Failed Exception]
	at atu.testng.reports.listeners.ATUReportsListener.onTestSuccess(Unknown Source)
... Removed 20 stack frames]]>
    </failure>
  </testcase> <!-- UpdateVM_Dallas_Azure_Dev91 -->
  <testcase name="UpdateVM_Dallas_Azure_Dev13" time="261.549" classname="BatchExecution.UpdateVMScenario">
    <failure type="atu.testng.reports.exceptions.ATUReporterStepFailedException">
      <![CDATA[[ATU Custom Reporter Step Failed Exception]
	at atu.testng.reports.listeners.ATUReportsListener.onTestSuccess(Unknown Source)
... Removed 20 stack frames]]>
    </failure>
  </testcase> <!-- UpdateVM_Dallas_Azure_Dev13 -->
  <testcase name="UpdateVM_Dallas_Azure_Dev83" time="258.673" classname="BatchExecution.UpdateVMScenario">
    <failure type="atu.testng.reports.exceptions.ATUReporterStepFailedException">
      <![CDATA[[ATU Custom Reporter Step Failed Exception]
	at atu.testng.reports.listeners.ATUReportsListener.onTestSuccess(Unknown Source)
... Removed 20 stack frames]]>
    </failure>
  </testcase> <!-- UpdateVM_Dallas_Azure_Dev83 -->
  <testcase name="UpdateVM_Dallas_Azure_Dev84" time="257.128" classname="BatchExecution.UpdateVMScenario">
    <failure type="atu.testng.reports.exceptions.ATUReporterStepFailedException">
      <![CDATA[[ATU Custom Reporter Step Failed Exception]
	at atu.testng.reports.listeners.ATUReportsListener.onTestSuccess(Unknown Source)
... Removed 20 stack frames]]>
    </failure>
  </testcase> <!-- UpdateVM_Dallas_Azure_Dev84 -->
  <testcase name="UpdateVM_Dallas_Azure_PRD30" time="261.623" classname="BatchExecution.UpdateVMScenario">
    <failure type="atu.testng.reports.exceptions.ATUReporterStepFailedException">
      <![CDATA[[ATU Custom Reporter Step Failed Exception]
	at atu.testng.reports.listeners.ATUReportsListener.onTestSuccess(Unknown Source)
... Removed 20 stack frames]]>
    </failure>
  </testcase> <!-- UpdateVM_Dallas_Azure_PRD30 -->
  <testcase name="UpdateVM_Dallas_Azure_PRD32" time="260.93" classname="BatchExecution.UpdateVMScenario">
    <failure type="atu.testng.reports.exceptions.ATUReporterStepFailedException">
      <![CDATA[[ATU Custom Reporter Step Failed Exception]
	at atu.testng.reports.listeners.ATUReportsListener.onTestSuccess(Unknown Source)
... Removed 20 stack frames]]>
    </failure>
  </testcase> <!-- UpdateVM_Dallas_Azure_PRD32 -->
  <testcase name="UpdateVM_NewYork_AWS_Dev63" time="262.363" classname="BatchExecution.UpdateVMScenario">
    <failure type="atu.testng.reports.exceptions.ATUReporterStepFailedException">
      <![CDATA[[ATU Custom Reporter Step Failed Exception]
	at atu.testng.reports.listeners.ATUReportsListener.onTestSuccess(Unknown Source)
... Removed 20 stack frames]]>
    </failure>
  </testcase> <!-- UpdateVM_NewYork_AWS_Dev63 -->
  <testcase name="UpdateVM_NewYork_AWS_Dev59" time="261.653" classname="BatchExecution.UpdateVMScenario">
    <failure type="atu.testng.reports.exceptions.ATUReporterStepFailedException">
      <![CDATA[[ATU Custom Reporter Step Failed Exception]
	at atu.testng.reports.listeners.ATUReportsListener.onTestSuccess(Unknown Source)
... Removed 20 stack frames]]>
    </failure>
  </testcase> <!-- UpdateVM_NewYork_AWS_Dev59 -->
  <testcase name="UpdateVM_NewYork_AWS_Dev91" time="262.856" classname="BatchExecution.UpdateVMScenario">
    <failure type="atu.testng.reports.exceptions.ATUReporterStepFailedException">
      <![CDATA[[ATU Custom Reporter Step Failed Exception]
	at atu.testng.reports.listeners.ATUReportsListener.onTestSuccess(Unknown Source)
... Removed 20 stack frames]]>
    </failure>
  </testcase> <!-- UpdateVM_NewYork_AWS_Dev91 -->
  <testcase name="UpdateVM_NewYork_AWS_Dev84" time="262.445" classname="BatchExecution.UpdateVMScenario">
    <failure type="atu.testng.reports.exceptions.ATUReporterStepFailedException">
      <![CDATA[[ATU Custom Reporter Step Failed Exception]
	at atu.testng.reports.listeners.ATUReportsListener.onTestSuccess(Unknown Source)
... Removed 20 stack frames]]>
    </failure>
  </testcase> <!-- UpdateVM_NewYork_AWS_Dev84 -->
  <testcase name="UpdateVM_NewYork_AWS_Dev13" time="263.545" classname="BatchExecution.UpdateVMScenario">
    <failure type="atu.testng.reports.exceptions.ATUReporterStepFailedException">
      <![CDATA[[ATU Custom Reporter Step Failed Exception]
	at atu.testng.reports.listeners.ATUReportsListener.onTestSuccess(Unknown Source)
... Removed 20 stack frames]]>
    </failure>
  </testcase> <!-- UpdateVM_NewYork_AWS_Dev13 -->
  <testcase name="UpdateVM_NewYork_AWS_Dev83" time="264.45" classname="BatchExecution.UpdateVMScenario">
    <failure type="atu.testng.reports.exceptions.ATUReporterStepFailedException">
      <![CDATA[[ATU Custom Reporter Step Failed Exception]
	at atu.testng.reports.listeners.ATUReportsListener.onTestSuccess(Unknown Source)
... Removed 20 stack frames]]>
    </failure>
  </testcase> <!-- UpdateVM_NewYork_AWS_Dev83 -->
  <testcase name="UpdateVM_NewYork_AWS_PRD30" time="265.222" classname="BatchExecution.UpdateVMScenario">
    <failure type="atu.testng.reports.exceptions.ATUReporterStepFailedException">
      <![CDATA[[ATU Custom Reporter Step Failed Exception]
	at atu.testng.reports.listeners.ATUReportsListener.onTestSuccess(Unknown Source)
... Removed 20 stack frames]]>
    </failure>
  </testcase> <!-- UpdateVM_NewYork_AWS_PRD30 -->
  <testcase name="UpdateVM_NewYork_AWS_PRD32" time="264.753" classname="BatchExecution.UpdateVMScenario">
    <failure type="atu.testng.reports.exceptions.ATUReporterStepFailedException">
      <![CDATA[[ATU Custom Reporter Step Failed Exception]
	at atu.testng.reports.listeners.ATUReportsListener.onTestSuccess(Unknown Source)
... Removed 20 stack frames]]>
    </failure>
  </testcase> <!-- UpdateVM_NewYork_AWS_PRD32 -->
  <testcase name="UpdateVM_NewYork_VMWare_PRD32" time="265.192" classname="BatchExecution.UpdateVMScenario">
    <failure type="atu.testng.reports.exceptions.ATUReporterStepFailedException">
      <![CDATA[[ATU Custom Reporter Step Failed Exception]
	at atu.testng.reports.listeners.ATUReportsListener.onTestSuccess(Unknown Source)
... Removed 20 stack frames]]>
    </failure>
  </testcase> <!-- UpdateVM_NewYork_VMWare_PRD32 -->
  <testcase name="UpdateVM_NewYork_VMWare_PRD30" time="259.731" classname="BatchExecution.UpdateVMScenario">
    <failure type="atu.testng.reports.exceptions.ATUReporterStepFailedException">
      <![CDATA[[ATU Custom Reporter Step Failed Exception]
	at atu.testng.reports.listeners.ATUReportsListener.onTestSuccess(Unknown Source)
... Removed 20 stack frames]]>
    </failure>
  </testcase> <!-- UpdateVM_NewYork_VMWare_PRD30 -->
  <testcase name="UpdateVM_NewYork_VMWare_Dev83" time="265.637" classname="BatchExecution.UpdateVMScenario">
    <failure type="atu.testng.reports.exceptions.ATUReporterStepFailedException">
      <![CDATA[[ATU Custom Reporter Step Failed Exception]
	at atu.testng.reports.listeners.ATUReportsListener.onTestSuccess(Unknown Source)
... Removed 20 stack frames]]>
    </failure>
  </testcase> <!-- UpdateVM_NewYork_VMWare_Dev83 -->
  <testcase name="UpdateVM_NewYork_VMWare_Dev13" time="263.907" classname="BatchExecution.UpdateVMScenario">
    <failure type="atu.testng.reports.exceptions.ATUReporterStepFailedException">
      <![CDATA[[ATU Custom Reporter Step Failed Exception]
	at atu.testng.reports.listeners.ATUReportsListener.onTestSuccess(Unknown Source)
... Removed 20 stack frames]]>
    </failure>
  </testcase> <!-- UpdateVM_NewYork_VMWare_Dev13 -->
  <testcase name="UpdateVM_NewYork_VMWare_Dev91" time="261.043" classname="BatchExecution.UpdateVMScenario">
    <failure type="atu.testng.reports.exceptions.ATUReporterStepFailedException">
      <![CDATA[[ATU Custom Reporter Step Failed Exception]
	at atu.testng.reports.listeners.ATUReportsListener.onTestSuccess(Unknown Source)
... Removed 20 stack frames]]>
    </failure>
  </testcase> <!-- UpdateVM_NewYork_VMWare_Dev91 -->
  <testcase name="UpdateVM_NewYork_VMWare_Dev59" time="258.389" classname="BatchExecution.UpdateVMScenario">
    <failure type="atu.testng.reports.exceptions.ATUReporterStepFailedException">
      <![CDATA[[ATU Custom Reporter Step Failed Exception]
	at atu.testng.reports.listeners.ATUReportsListener.onTestSuccess(Unknown Source)
... Removed 20 stack frames]]>
    </failure>
  </testcase> <!-- UpdateVM_NewYork_VMWare_Dev59 -->
  <testcase name="UpdateVM_NewYork_VMWare_Dev63" time="258.987" classname="BatchExecution.UpdateVMScenario">
    <failure type="atu.testng.reports.exceptions.ATUReporterStepFailedException">
      <![CDATA[[ATU Custom Reporter Step Failed Exception]
	at atu.testng.reports.listeners.ATUReportsListener.onTestSuccess(Unknown Source)
... Removed 20 stack frames]]>
    </failure>
  </testcase> <!-- UpdateVM_NewYork_VMWare_Dev63 -->
  <testcase name="cNetLogoutScenario" time="2.91" classname="BatchExecution.UpdateVMScenario"/>
</testsuite> <!-- Test -->
