<?xml version="1.0" encoding="UTF-8"?>
<!-- Generated by org.testng.reporters.JUnitXMLReporter -->
<testsuite hostname="DESKTOP-QQACKJ4" name="Test" tests="34" failures="32" timestamp="14 Jul 2017 18:46:11 GMT" time="306.767" errors="0">
  <testcase name="cNetLoginScenario" time="7.846" classname="BatchExecution.UpdateVMScenario"/>
  <testcase name="UpdateVM_NewYork_Delete_VMWare_DEV63" time="273.252" classname="BatchExecution.UpdateVMScenario">
    <failure type="atu.testng.reports.exceptions.ATUReporterStepFailedException">
      <![CDATA[[ATU Custom Reporter Step Failed Exception]
	at atu.testng.reports.listeners.ATUReportsListener.onTestSuccess(Unknown Source)
... Removed 20 stack frames]]>
    </failure>
  </testcase> <!-- UpdateVM_NewYork_Delete_VMWare_DEV63 -->
  <testcase name="UpdateVM_NewYork_Delete_VMWare_DEV59" time="18.628" classname="BatchExecution.UpdateVMScenario">
    <failure type="atu.testng.reports.exceptions.ATUReporterStepFailedException">
      <![CDATA[[ATU Custom Reporter Step Failed Exception]
	at atu.testng.reports.listeners.ATUReportsListener.onTestSuccess(Unknown Source)
... Removed 20 stack frames]]>
    </failure>
  </testcase> <!-- UpdateVM_NewYork_Delete_VMWare_DEV59 -->
  <testcase name="UpdateVM_NewYork_Delete_VMWare_DEV91" time="0.03" classname="BatchExecution.UpdateVMScenario">
    <failure type="atu.testng.reports.exceptions.ATUReporterStepFailedException">
      <![CDATA[[ATU Custom Reporter Step Failed Exception]
	at atu.testng.reports.listeners.ATUReportsListener.onTestSuccess(Unknown Source)
... Removed 20 stack frames]]>
    </failure>
  </testcase> <!-- UpdateVM_NewYork_Delete_VMWare_DEV91 -->
  <testcase name="UpdateVM_NewYork_Delete_VMWare_DEV13" time="0.028" classname="BatchExecution.UpdateVMScenario">
    <failure type="atu.testng.reports.exceptions.ATUReporterStepFailedException">
      <![CDATA[[ATU Custom Reporter Step Failed Exception]
	at atu.testng.reports.listeners.ATUReportsListener.onTestSuccess(Unknown Source)
... Removed 20 stack frames]]>
    </failure>
  </testcase> <!-- UpdateVM_NewYork_Delete_VMWare_DEV13 -->
  <testcase name="UpdateVM_NewYork_Delete_VMWare_DEV83" time="0.037" classname="BatchExecution.UpdateVMScenario">
    <failure type="atu.testng.reports.exceptions.ATUReporterStepFailedException">
      <![CDATA[[ATU Custom Reporter Step Failed Exception]
	at atu.testng.reports.listeners.ATUReportsListener.onTestSuccess(Unknown Source)
... Removed 20 stack frames]]>
    </failure>
  </testcase> <!-- UpdateVM_NewYork_Delete_VMWare_DEV83 -->
  <testcase name="UpdateVM_NewYork_Delete_VMWare_DEV84" time="0.027" classname="BatchExecution.UpdateVMScenario">
    <failure type="atu.testng.reports.exceptions.ATUReporterStepFailedException">
      <![CDATA[[ATU Custom Reporter Step Failed Exception]
	at atu.testng.reports.listeners.ATUReportsListener.onTestSuccess(Unknown Source)
... Removed 20 stack frames]]>
    </failure>
  </testcase> <!-- UpdateVM_NewYork_Delete_VMWare_DEV84 -->
  <testcase name="UpdateVM_NewYork_Delete_VMWare_PRD30" time="0.025" classname="BatchExecution.UpdateVMScenario">
    <failure type="atu.testng.reports.exceptions.ATUReporterStepFailedException">
      <![CDATA[[ATU Custom Reporter Step Failed Exception]
	at atu.testng.reports.listeners.ATUReportsListener.onTestSuccess(Unknown Source)
... Removed 20 stack frames]]>
    </failure>
  </testcase> <!-- UpdateVM_NewYork_Delete_VMWare_PRD30 -->
  <testcase name="UpdateVM_NewYork_Delete_VMWare_PRD32" time="0.023" classname="BatchExecution.UpdateVMScenario">
    <failure type="atu.testng.reports.exceptions.ATUReporterStepFailedException">
      <![CDATA[[ATU Custom Reporter Step Failed Exception]
	at atu.testng.reports.listeners.ATUReportsListener.onTestSuccess(Unknown Source)
... Removed 20 stack frames]]>
    </failure>
  </testcase> <!-- UpdateVM_NewYork_Delete_VMWare_PRD32 -->
  <testcase name="UpdateVM_NewYork_Delete_AWS_63" time="0.025" classname="BatchExecution.UpdateVMScenario">
    <failure type="atu.testng.reports.exceptions.ATUReporterStepFailedException">
      <![CDATA[[ATU Custom Reporter Step Failed Exception]
	at atu.testng.reports.listeners.ATUReportsListener.onTestSuccess(Unknown Source)
... Removed 20 stack frames]]>
    </failure>
  </testcase> <!-- UpdateVM_NewYork_Delete_AWS_63 -->
  <testcase name="UpdateVM_NewYork_Delete_AWS_DEV59" time="0.026" classname="BatchExecution.UpdateVMScenario">
    <failure type="atu.testng.reports.exceptions.ATUReporterStepFailedException">
      <![CDATA[[ATU Custom Reporter Step Failed Exception]
	at atu.testng.reports.listeners.ATUReportsListener.onTestSuccess(Unknown Source)
... Removed 20 stack frames]]>
    </failure>
  </testcase> <!-- UpdateVM_NewYork_Delete_AWS_DEV59 -->
  <testcase name="UpdateVM_NewYork_Delete_AWS_DEV91" time="0.026" classname="BatchExecution.UpdateVMScenario">
    <failure type="atu.testng.reports.exceptions.ATUReporterStepFailedException">
      <![CDATA[[ATU Custom Reporter Step Failed Exception]
	at atu.testng.reports.listeners.ATUReportsListener.onTestSuccess(Unknown Source)
... Removed 20 stack frames]]>
    </failure>
  </testcase> <!-- UpdateVM_NewYork_Delete_AWS_DEV91 -->
  <testcase name="UpdateVM_NewYork_Delete_AWS_DEV13" time="0.025" classname="BatchExecution.UpdateVMScenario">
    <failure type="atu.testng.reports.exceptions.ATUReporterStepFailedException">
      <![CDATA[[ATU Custom Reporter Step Failed Exception]
	at atu.testng.reports.listeners.ATUReportsListener.onTestSuccess(Unknown Source)
... Removed 20 stack frames]]>
    </failure>
  </testcase> <!-- UpdateVM_NewYork_Delete_AWS_DEV13 -->
  <testcase name="UpdateVM_NewYork_Delete_AWS_DEV83" time="0.028" classname="BatchExecution.UpdateVMScenario">
    <failure type="atu.testng.reports.exceptions.ATUReporterStepFailedException">
      <![CDATA[[ATU Custom Reporter Step Failed Exception]
	at atu.testng.reports.listeners.ATUReportsListener.onTestSuccess(Unknown Source)
... Removed 20 stack frames]]>
    </failure>
  </testcase> <!-- UpdateVM_NewYork_Delete_AWS_DEV83 -->
  <testcase name="UpdateVM_NewYork_Delete_AWS_DEV84" time="0.05" classname="BatchExecution.UpdateVMScenario">
    <failure type="atu.testng.reports.exceptions.ATUReporterStepFailedException">
      <![CDATA[[ATU Custom Reporter Step Failed Exception]
	at atu.testng.reports.listeners.ATUReportsListener.onTestSuccess(Unknown Source)
... Removed 20 stack frames]]>
    </failure>
  </testcase> <!-- UpdateVM_NewYork_Delete_AWS_DEV84 -->
  <testcase name="UpdateVM_NewYork_Delete_AWS_PRD30" time="0.022" classname="BatchExecution.UpdateVMScenario">
    <failure type="atu.testng.reports.exceptions.ATUReporterStepFailedException">
      <![CDATA[[ATU Custom Reporter Step Failed Exception]
	at atu.testng.reports.listeners.ATUReportsListener.onTestSuccess(Unknown Source)
... Removed 20 stack frames]]>
    </failure>
  </testcase> <!-- UpdateVM_NewYork_Delete_AWS_PRD30 -->
  <testcase name="UpdateVM_NewYork_Delete_VMWare_PRD32" time="0.025" classname="BatchExecution.UpdateVMScenario">
    <failure type="atu.testng.reports.exceptions.ATUReporterStepFailedException">
      <![CDATA[[ATU Custom Reporter Step Failed Exception]
	at atu.testng.reports.listeners.ATUReportsListener.onTestSuccess(Unknown Source)
... Removed 20 stack frames]]>
    </failure>
  </testcase> <!-- UpdateVM_NewYork_Delete_VMWare_PRD32 -->
  <testcase name="UpdateVM_NewYork_Delete_Azure_DEV63" time="0.022" classname="BatchExecution.UpdateVMScenario">
    <failure type="atu.testng.reports.exceptions.ATUReporterStepFailedException">
      <![CDATA[[ATU Custom Reporter Step Failed Exception]
	at atu.testng.reports.listeners.ATUReportsListener.onTestSuccess(Unknown Source)
... Removed 20 stack frames]]>
    </failure>
  </testcase> <!-- UpdateVM_NewYork_Delete_Azure_DEV63 -->
  <testcase name="UpdateVM_NewYork_Delete_Azure_DEV59" time="0.022" classname="BatchExecution.UpdateVMScenario">
    <failure type="atu.testng.reports.exceptions.ATUReporterStepFailedException">
      <![CDATA[[ATU Custom Reporter Step Failed Exception]
	at atu.testng.reports.listeners.ATUReportsListener.onTestSuccess(Unknown Source)
... Removed 20 stack frames]]>
    </failure>
  </testcase> <!-- UpdateVM_NewYork_Delete_Azure_DEV59 -->
  <testcase name="UpdateVM_NewYork_Delete_Azure_DEV91" time="0.024" classname="BatchExecution.UpdateVMScenario">
    <failure type="atu.testng.reports.exceptions.ATUReporterStepFailedException">
      <![CDATA[[ATU Custom Reporter Step Failed Exception]
	at atu.testng.reports.listeners.ATUReportsListener.onTestSuccess(Unknown Source)
... Removed 20 stack frames]]>
    </failure>
  </testcase> <!-- UpdateVM_NewYork_Delete_Azure_DEV91 -->
  <testcase name="UpdateVM_NewYork_Delete_Azure_DEV84" time="0.027" classname="BatchExecution.UpdateVMScenario">
    <failure type="atu.testng.reports.exceptions.ATUReporterStepFailedException">
      <![CDATA[[ATU Custom Reporter Step Failed Exception]
	at atu.testng.reports.listeners.ATUReportsListener.onTestSuccess(Unknown Source)
... Removed 20 stack frames]]>
    </failure>
  </testcase> <!-- UpdateVM_NewYork_Delete_Azure_DEV84 -->
  <testcase name="UpdateVM_NewYork_Delete_Azure_DEV13" time="0.027" classname="BatchExecution.UpdateVMScenario">
    <failure type="atu.testng.reports.exceptions.ATUReporterStepFailedException">
      <![CDATA[[ATU Custom Reporter Step Failed Exception]
	at atu.testng.reports.listeners.ATUReportsListener.onTestSuccess(Unknown Source)
... Removed 20 stack frames]]>
    </failure>
  </testcase> <!-- UpdateVM_NewYork_Delete_Azure_DEV13 -->
  <testcase name="UpdateVM_NewYork_Delete_Azure_DEV83" time="0.022" classname="BatchExecution.UpdateVMScenario">
    <failure type="atu.testng.reports.exceptions.ATUReporterStepFailedException">
      <![CDATA[[ATU Custom Reporter Step Failed Exception]
	at atu.testng.reports.listeners.ATUReportsListener.onTestSuccess(Unknown Source)
... Removed 20 stack frames]]>
    </failure>
  </testcase> <!-- UpdateVM_NewYork_Delete_Azure_DEV83 -->
  <testcase name="UpdateVM_NewYork_Delete_Azure_PRD30" time="0.021" classname="BatchExecution.UpdateVMScenario">
    <failure type="atu.testng.reports.exceptions.ATUReporterStepFailedException">
      <![CDATA[[ATU Custom Reporter Step Failed Exception]
	at atu.testng.reports.listeners.ATUReportsListener.onTestSuccess(Unknown Source)
... Removed 20 stack frames]]>
    </failure>
  </testcase> <!-- UpdateVM_NewYork_Delete_Azure_PRD30 -->
  <testcase name="UpdateVM_NewYork_Delete_Azure_PRD32" time="0.022" classname="BatchExecution.UpdateVMScenario">
    <failure type="atu.testng.reports.exceptions.ATUReporterStepFailedException">
      <![CDATA[[ATU Custom Reporter Step Failed Exception]
	at atu.testng.reports.listeners.ATUReportsListener.onTestSuccess(Unknown Source)
... Removed 20 stack frames]]>
    </failure>
  </testcase> <!-- UpdateVM_NewYork_Delete_Azure_PRD32 -->
  <testcase name="UpdateVM_NewYork_Delete_OpenStack_PRD32" time="0.022" classname="BatchExecution.UpdateVMScenario">
    <failure type="atu.testng.reports.exceptions.ATUReporterStepFailedException">
      <![CDATA[[ATU Custom Reporter Step Failed Exception]
	at atu.testng.reports.listeners.ATUReportsListener.onTestSuccess(Unknown Source)
... Removed 20 stack frames]]>
    </failure>
  </testcase> <!-- UpdateVM_NewYork_Delete_OpenStack_PRD32 -->
  <testcase name="UpdateVM_NewYork_Delete_OpenStack_PRD30" time="0.028" classname="BatchExecution.UpdateVMScenario">
    <failure type="atu.testng.reports.exceptions.ATUReporterStepFailedException">
      <![CDATA[[ATU Custom Reporter Step Failed Exception]
	at atu.testng.reports.listeners.ATUReportsListener.onTestSuccess(Unknown Source)
... Removed 20 stack frames]]>
    </failure>
  </testcase> <!-- UpdateVM_NewYork_Delete_OpenStack_PRD30 -->
  <testcase name="UpdateVM_NewYork_Delete_OpenStack_DEV83" time="0.029" classname="BatchExecution.UpdateVMScenario">
    <failure type="atu.testng.reports.exceptions.ATUReporterStepFailedException">
      <![CDATA[[ATU Custom Reporter Step Failed Exception]
	at atu.testng.reports.listeners.ATUReportsListener.onTestSuccess(Unknown Source)
... Removed 20 stack frames]]>
    </failure>
  </testcase> <!-- UpdateVM_NewYork_Delete_OpenStack_DEV83 -->
  <testcase name="UpdateVM_NewYork_Delete_OpenStack_DEV13" time="0.025" classname="BatchExecution.UpdateVMScenario">
    <failure type="atu.testng.reports.exceptions.ATUReporterStepFailedException">
      <![CDATA[[ATU Custom Reporter Step Failed Exception]
	at atu.testng.reports.listeners.ATUReportsListener.onTestSuccess(Unknown Source)
... Removed 20 stack frames]]>
    </failure>
  </testcase> <!-- UpdateVM_NewYork_Delete_OpenStack_DEV13 -->
  <testcase name="UpdateVM_NewYork_Delete_OpenStack_DEV91" time="0.026" classname="BatchExecution.UpdateVMScenario">
    <failure type="atu.testng.reports.exceptions.ATUReporterStepFailedException">
      <![CDATA[[ATU Custom Reporter Step Failed Exception]
	at atu.testng.reports.listeners.ATUReportsListener.onTestSuccess(Unknown Source)
... Removed 20 stack frames]]>
    </failure>
  </testcase> <!-- UpdateVM_NewYork_Delete_OpenStack_DEV91 -->
  <testcase name="UpdateVM_NewYork_Delete_OpenStack_DEV59" time="0.031" classname="BatchExecution.UpdateVMScenario">
    <failure type="atu.testng.reports.exceptions.ATUReporterStepFailedException">
      <![CDATA[[ATU Custom Reporter Step Failed Exception]
	at atu.testng.reports.listeners.ATUReportsListener.onTestSuccess(Unknown Source)
... Removed 20 stack frames]]>
    </failure>
  </testcase> <!-- UpdateVM_NewYork_Delete_OpenStack_DEV59 -->
  <testcase name="UpdateVM_NewYork_Delete_OpenStack_DEV63" time="0.029" classname="BatchExecution.UpdateVMScenario">
    <failure type="atu.testng.reports.exceptions.ATUReporterStepFailedException">
      <![CDATA[[ATU Custom Reporter Step Failed Exception]
	at atu.testng.reports.listeners.ATUReportsListener.onTestSuccess(Unknown Source)
... Removed 20 stack frames]]>
    </failure>
  </testcase> <!-- UpdateVM_NewYork_Delete_OpenStack_DEV63 -->
  <testcase name="UpdateVM_NewYork_Delete_OpenStack_DEV84" time="0.03" classname="BatchExecution.UpdateVMScenario">
    <failure type="atu.testng.reports.exceptions.ATUReporterStepFailedException">
      <![CDATA[[ATU Custom Reporter Step Failed Exception]
	at atu.testng.reports.listeners.ATUReportsListener.onTestSuccess(Unknown Source)
... Removed 20 stack frames]]>
    </failure>
  </testcase> <!-- UpdateVM_NewYork_Delete_OpenStack_DEV84 -->
  <testcase name="cNetLogoutScenario" time="0.021" classname="BatchExecution.UpdateVMScenario"/>
</testsuite> <!-- Test -->
