<?xml version="1.0" encoding="UTF-8"?>
<testng-results skipped="0" failed="0" total="3" passed="3">
  <reporter-output>
    <line>
      <![CDATA[STEP1]]>
    </line>
    <line>
      <![CDATA[STEP2]]>
    </line>
    <line>
      <![CDATA[STEP3]]>
    </line>
    <line>
      <![CDATA[STEP4]]>
    </line>
    <line>
      <![CDATA[STEP5]]>
    </line>
    <line>
      <![CDATA[STEP6]]>
    </line>
    <line>
      <![CDATA[STEP7]]>
    </line>
    <line>
      <![CDATA[STEP8]]>
    </line>
    <line>
      <![CDATA[STEP9]]>
    </line>
    <line>
      <![CDATA[STEP10]]>
    </line>
    <line>
      <![CDATA[STEP11]]>
    </line>
    <line>
      <![CDATA[STEP12]]>
    </line>
    <line>
      <![CDATA[STEP13]]>
    </line>
    <line>
      <![CDATA[STEP14]]>
    </line>
    <line>
      <![CDATA[STEP15]]>
    </line>
    <line>
      <![CDATA[STEP16]]>
    </line>
    <line>
      <![CDATA[STEP17]]>
    </line>
    <line>
      <![CDATA[STEP18]]>
    </line>
    <line>
      <![CDATA[STEP19]]>
    </line>
    <line>
      <![CDATA[STEP20]]>
    </line>
    <line>
      <![CDATA[STEP21]]>
    </line>
    <line>
      <![CDATA[STEP22]]>
    </line>
    <line>
      <![CDATA[STEP23]]>
    </line>
    <line>
      <![CDATA[STEP24]]>
    </line>
    <line>
      <![CDATA[STEP25]]>
    </line>
    <line>
      <![CDATA[STEP26]]>
    </line>
    <line>
      <![CDATA[STEP27]]>
    </line>
    <line>
      <![CDATA[STEP28]]>
    </line>
    <line>
      <![CDATA[STEP29]]>
    </line>
    <line>
      <![CDATA[STEP30]]>
    </line>
    <line>
      <![CDATA[STEP31]]>
    </line>
    <line>
      <![CDATA[STEP32]]>
    </line>
    <line>
      <![CDATA[STEP33]]>
    </line>
    <line>
      <![CDATA[STEP34]]>
    </line>
    <line>
      <![CDATA[STEP35]]>
    </line>
    <line>
      <![CDATA[STEP36]]>
    </line>
    <line>
      <![CDATA[STEP37]]>
    </line>
    <line>
      <![CDATA[STEP38]]>
    </line>
    <line>
      <![CDATA[STEP39]]>
    </line>
    <line>
      <![CDATA[STEP40]]>
    </line>
  </reporter-output>
  <suite name="Default suite" duration-ms="78518" started-at="2017-09-05T00:43:38Z" finished-at="2017-09-05T00:44:56Z">
    <groups>
    </groups>
    <test name="Default test" duration-ms="78518" started-at="2017-09-05T00:43:38Z" finished-at="2017-09-05T00:44:56Z">
      <class name="BatchExecution.UpdateVirtualMachine_AddUser">
        <test-method status="PASS" signature="setup()[pri:0, instance:BatchExecution.UpdateVirtualMachine_AddUser@28d25987]" name="setup" is-config="true" duration-ms="4698" started-at="2017-09-04T19:43:38Z" finished-at="2017-09-04T19:43:43Z">
          <reporter-output>
          </reporter-output>
        </test-method> <!-- setup -->
        <test-method status="PASS" signature="extractTestNameFromParameters(java.lang.reflect.Method, [Ljava.lang.Object;)[pri:0, instance:BatchExecution.UpdateVirtualMachine_AddUser@28d25987]" test-instance-name="cNetLogoutScenario" name="extractTestNameFromParameters" is-config="true" duration-ms="3" started-at="2017-09-04T19:43:43Z" finished-at="2017-09-04T19:43:43Z">
          <params>
            <param index="0">
              <value>
                <![CDATA[public void BatchExecution.UpdateVirtualMachine_AddUser.cNetLoginScenario() throws java.awt.AWTException,java.lang.InterruptedException,java.io.IOException]]>
              </value>
            </param>
            <param index="1">
              <value>
                <![CDATA[[Ljava.lang.Object;@232a7d73]]>
              </value>
            </param>
          </params>
          <reporter-output>
          </reporter-output>
        </test-method> <!-- extractTestNameFromParameters -->
        <test-method status="PASS" signature="cNetLoginScenario()[pri:0, instance:BatchExecution.UpdateVirtualMachine_AddUser@28d25987]" test-instance-name="cNetLogoutScenario" name="cNetLoginScenario" duration-ms="11320" started-at="2017-09-04T19:43:43Z" finished-at="2017-09-04T19:43:54Z">
          <reporter-output>
            <line>
              <![CDATA[STEP1]]>
            </line>
            <line>
              <![CDATA[STEP2]]>
            </line>
            <line>
              <![CDATA[STEP3]]>
            </line>
            <line>
              <![CDATA[STEP4]]>
            </line>
            <line>
              <![CDATA[STEP5]]>
            </line>
            <line>
              <![CDATA[STEP6]]>
            </line>
            <line>
              <![CDATA[STEP7]]>
            </line>
          </reporter-output>
        </test-method> <!-- cNetLoginScenario -->
        <test-method status="PASS" signature="extractTestNameFromParameters(java.lang.reflect.Method, [Ljava.lang.Object;)[pri:0, instance:BatchExecution.UpdateVirtualMachine_AddUser@28d25987]" test-instance-name="cNetLogoutScenario" name="extractTestNameFromParameters" is-config="true" duration-ms="1" started-at="2017-09-04T19:43:56Z" finished-at="2017-09-04T19:43:56Z">
          <params>
            <param index="0">
              <value>
                <![CDATA[public void BatchExecution.UpdateVirtualMachine_AddUser.UpdateVirtualMachine(java.lang.String,java.lang.String,java.lang.String,java.lang.String,java.lang.String,java.lang.String,java.lang.String,java.lang.String,java.lang.String,java.lang.String,java.lang.String,java.lang.String,java.lang.String,java.lang.String) throws java.awt.AWTException,java.lang.InterruptedException,java.io.IOException]]>
              </value>
            </param>
            <param index="1">
              <value>
                <![CDATA[[Ljava.lang.Object;@4b41e4dd]]>
              </value>
            </param>
          </params>
          <reporter-output>
          </reporter-output>
        </test-method> <!-- extractTestNameFromParameters -->
        <test-method status="PASS" signature="UpdateVirtualMachine(java.lang.String, java.lang.String, java.lang.String, java.lang.String, java.lang.String, java.lang.String, java.lang.String, java.lang.String, java.lang.String, java.lang.String, java.lang.String, java.lang.String, java.lang.String, java.lang.String)[pri:1, instance:BatchExecution.UpdateVirtualMachine_AddUser@28d25987]" test-instance-name="cNetLogoutScenario" name="UpdateVirtualMachine" duration-ms="58557" started-at="2017-09-04T19:43:56Z" data-provider="AddUser" finished-at="2017-09-04T19:44:54Z">
          <params>
            <param index="0">
              <value>
                <![CDATA[Y]]>
              </value>
            </param>
            <param index="1">
              <value>
                <![CDATA[UpdateVM_AddUser_Dallas_OpenStack_DEV91]]>
              </value>
            </param>
            <param index="2">
              <value>
                <![CDATA[Add Users]]>
              </value>
            </param>
            <param index="3">
              <value>
                <![CDATA[PRJ0010232]]>
              </value>
            </param>
            <param index="4">
              <value>
                <![CDATA[Dallas]]>
              </value>
            </param>
            <param index="5">
              <value>
                <![CDATA[OpenStack]]>
              </value>
            </param>
            <param index="6">
              <value>
                <![CDATA[STAGE]]>
              </value>
            </param>
            <param index="7">
              <value>
                <![CDATA[]]>
              </value>
            </param>
            <param index="8">
              <value>
                <![CDATA[]]>
              </value>
            </param>
            <param index="9">
              <value>
                <![CDATA[OpenStack-AIMS-CNET-01]]>
              </value>
            </param>
            <param index="10">
              <value>
                <![CDATA[PROD-LNX-APACHE-62]]>
              </value>
            </param>
            <param index="11">
              <value>
                <![CDATA[bharath]]>
              </value>
            </param>
            <param index="12">
              <value>
                <![CDATA[approval_admin]]>
              </value>
            </param>
            <param index="13">
              <value>
                <![CDATA[Yes]]>
              </value>
            </param>
          </params>
          <reporter-output>
            <line>
              <![CDATA[STEP8]]>
            </line>
            <line>
              <![CDATA[STEP9]]>
            </line>
            <line>
              <![CDATA[STEP10]]>
            </line>
            <line>
              <![CDATA[STEP11]]>
            </line>
            <line>
              <![CDATA[STEP12]]>
            </line>
            <line>
              <![CDATA[STEP13]]>
            </line>
            <line>
              <![CDATA[STEP14]]>
            </line>
            <line>
              <![CDATA[STEP15]]>
            </line>
            <line>
              <![CDATA[STEP16]]>
            </line>
            <line>
              <![CDATA[STEP17]]>
            </line>
            <line>
              <![CDATA[STEP18]]>
            </line>
            <line>
              <![CDATA[STEP19]]>
            </line>
            <line>
              <![CDATA[STEP20]]>
            </line>
            <line>
              <![CDATA[STEP21]]>
            </line>
            <line>
              <![CDATA[STEP22]]>
            </line>
            <line>
              <![CDATA[STEP23]]>
            </line>
            <line>
              <![CDATA[STEP24]]>
            </line>
            <line>
              <![CDATA[STEP25]]>
            </line>
            <line>
              <![CDATA[STEP26]]>
            </line>
            <line>
              <![CDATA[STEP27]]>
            </line>
            <line>
              <![CDATA[STEP28]]>
            </line>
            <line>
              <![CDATA[STEP29]]>
            </line>
            <line>
              <![CDATA[STEP30]]>
            </line>
            <line>
              <![CDATA[STEP31]]>
            </line>
            <line>
              <![CDATA[STEP32]]>
            </line>
            <line>
              <![CDATA[STEP33]]>
            </line>
            <line>
              <![CDATA[STEP34]]>
            </line>
            <line>
              <![CDATA[STEP35]]>
            </line>
            <line>
              <![CDATA[STEP36]]>
            </line>
            <line>
              <![CDATA[STEP37]]>
            </line>
            <line>
              <![CDATA[STEP38]]>
            </line>
            <line>
              <![CDATA[STEP39]]>
            </line>
            <line>
              <![CDATA[STEP40]]>
            </line>
          </reporter-output>
        </test-method> <!-- UpdateVirtualMachine -->
        <test-method status="PASS" signature="extractTestNameFromParameters(java.lang.reflect.Method, [Ljava.lang.Object;)[pri:0, instance:BatchExecution.UpdateVirtualMachine_AddUser@28d25987]" test-instance-name="cNetLogoutScenario" name="extractTestNameFromParameters" is-config="true" duration-ms="1" started-at="2017-09-04T19:44:54Z" finished-at="2017-09-04T19:44:54Z">
          <params>
            <param index="0">
              <value>
                <![CDATA[public void BatchExecution.UpdateVirtualMachine_AddUser.cNetLogoutScenario() throws java.awt.AWTException,java.lang.InterruptedException,java.io.IOException]]>
              </value>
            </param>
            <param index="1">
              <value>
                <![CDATA[[Ljava.lang.Object;@22ffa91a]]>
              </value>
            </param>
          </params>
          <reporter-output>
          </reporter-output>
        </test-method> <!-- extractTestNameFromParameters -->
        <test-method status="PASS" signature="cNetLogoutScenario()[pri:2, instance:BatchExecution.UpdateVirtualMachine_AddUser@28d25987]" test-instance-name="cNetLogoutScenario" name="cNetLogoutScenario" duration-ms="2193" started-at="2017-09-04T19:44:54Z" finished-at="2017-09-04T19:44:56Z">
          <reporter-output>
          </reporter-output>
        </test-method> <!-- cNetLogoutScenario -->
        <test-method status="PASS" signature="tearDown()[pri:0, instance:BatchExecution.UpdateVirtualMachine_AddUser@28d25987]" name="tearDown" is-config="true" duration-ms="2" started-at="2017-09-04T19:44:56Z" finished-at="2017-09-04T19:44:56Z">
          <reporter-output>
          </reporter-output>
        </test-method> <!-- tearDown -->
      </class> <!-- BatchExecution.UpdateVirtualMachine_AddUser -->
    </test> <!-- Default test -->
  </suite> <!-- Default suite -->
</testng-results>
