<?xml version="1.0" encoding="UTF-8"?>
<testng-results skipped="0" failed="0" total="36" passed="36">
  <reporter-output>
    <line>
      <![CDATA[STEP1]]>
    </line>
    <line>
      <![CDATA[STEP2]]>
    </line>
    <line>
      <![CDATA[STEP3]]>
    </line>
    <line>
      <![CDATA[STEP4]]>
    </line>
    <line>
      <![CDATA[STEP5]]>
    </line>
    <line>
      <![CDATA[STEP6]]>
    </line>
    <line>
      <![CDATA[STEP7]]>
    </line>
    <line>
      <![CDATA[STEP8]]>
    </line>
    <line>
      <![CDATA[STEP9]]>
    </line>
    <line>
      <![CDATA[STEP10]]>
    </line>
    <line>
      <![CDATA[STEP11]]>
    </line>
    <line>
      <![CDATA[STEP12]]>
    </line>
    <line>
      <![CDATA[STEP13]]>
    </line>
    <line>
      <![CDATA[STEP14]]>
    </line>
    <line>
      <![CDATA[STEP15]]>
    </line>
    <line>
      <![CDATA[STEP16]]>
    </line>
    <line>
      <![CDATA[STEP17]]>
    </line>
    <line>
      <![CDATA[STEP18]]>
    </line>
    <line>
      <![CDATA[STEP19]]>
    </line>
    <line>
      <![CDATA[STEP20]]>
    </line>
    <line>
      <![CDATA[STEP21]]>
    </line>
    <line>
      <![CDATA[STEP22]]>
    </line>
    <line>
      <![CDATA[STEP23]]>
    </line>
    <line>
      <![CDATA[STEP24]]>
    </line>
    <line>
      <![CDATA[STEP25]]>
    </line>
    <line>
      <![CDATA[STEP26]]>
    </line>
    <line>
      <![CDATA[STEP27]]>
    </line>
    <line>
      <![CDATA[STEP28]]>
    </line>
    <line>
      <![CDATA[STEP29]]>
    </line>
    <line>
      <![CDATA[STEP30]]>
    </line>
    <line>
      <![CDATA[STEP31]]>
    </line>
    <line>
      <![CDATA[STEP32]]>
    </line>
    <line>
      <![CDATA[STEP33]]>
    </line>
    <line>
      <![CDATA[STEP34]]>
    </line>
    <line>
      <![CDATA[STEP35]]>
    </line>
    <line>
      <![CDATA[STEP36]]>
    </line>
    <line>
      <![CDATA[STEP37]]>
    </line>
    <line>
      <![CDATA[STEP38]]>
    </line>
    <line>
      <![CDATA[STEP39]]>
    </line>
    <line>
      <![CDATA[STEP40]]>
    </line>
    <line>
      <![CDATA[STEP41]]>
    </line>
    <line>
      <![CDATA[STEP42]]>
    </line>
    <line>
      <![CDATA[STEP43]]>
    </line>
    <line>
      <![CDATA[STEP44]]>
    </line>
    <line>
      <![CDATA[STEP45]]>
    </line>
  </reporter-output>
  <suite name="Default suite" duration-ms="245129" started-at="2017-07-18T17:22:30Z" finished-at="2017-07-18T17:26:35Z">
    <groups>
    </groups>
    <test name="Default test" duration-ms="245129" started-at="2017-07-18T17:22:30Z" finished-at="2017-07-18T17:26:35Z">
      <class name="BatchExecution.UpdateVMScenario">
        <test-method status="PASS" signature="setup()[pri:0, instance:BatchExecution.UpdateVMScenario@3e92efc3]" name="setup" is-config="true" duration-ms="5676" started-at="2017-07-18T12:22:30Z" finished-at="2017-07-18T12:22:35Z">
          <reporter-output>
          </reporter-output>
        </test-method> <!-- setup -->
        <test-method status="PASS" signature="extractTestNameFromParameters(java.lang.reflect.Method, [Ljava.lang.Object;)[pri:0, instance:BatchExecution.UpdateVMScenario@3e92efc3]" test-instance-name="cNetLogoutScenario" name="extractTestNameFromParameters" is-config="true" duration-ms="3" started-at="2017-07-18T12:22:35Z" finished-at="2017-07-18T12:22:35Z">
          <params>
            <param index="0">
              <value>
                <![CDATA[public void BatchExecution.UpdateVMScenario.cNetLoginScenario() throws java.awt.AWTException,java.lang.InterruptedException,java.io.IOException]]>
              </value>
            </param>
            <param index="1">
              <value>
                <![CDATA[[Ljava.lang.Object;@4fe875be]]>
              </value>
            </param>
          </params>
          <reporter-output>
          </reporter-output>
        </test-method> <!-- extractTestNameFromParameters -->
        <test-method status="PASS" signature="cNetLoginScenario()[pri:0, instance:BatchExecution.UpdateVMScenario@3e92efc3]" test-instance-name="cNetLogoutScenario" name="cNetLoginScenario" duration-ms="11777" started-at="2017-07-18T12:22:35Z" finished-at="2017-07-18T12:22:47Z">
          <reporter-output>
            <line>
              <![CDATA[STEP1]]>
            </line>
            <line>
              <![CDATA[STEP2]]>
            </line>
            <line>
              <![CDATA[STEP3]]>
            </line>
            <line>
              <![CDATA[STEP4]]>
            </line>
            <line>
              <![CDATA[STEP5]]>
            </line>
            <line>
              <![CDATA[STEP6]]>
            </line>
            <line>
              <![CDATA[STEP7]]>
            </line>
          </reporter-output>
        </test-method> <!-- cNetLoginScenario -->
        <test-method status="PASS" signature="extractTestNameFromParameters(java.lang.reflect.Method, [Ljava.lang.Object;)[pri:0, instance:BatchExecution.UpdateVMScenario@3e92efc3]" test-instance-name="cNetLogoutScenario" name="extractTestNameFromParameters" is-config="true" duration-ms="2" started-at="2017-07-18T12:22:50Z" finished-at="2017-07-18T12:22:50Z">
          <params>
            <param index="0">
              <value>
                <![CDATA[public void BatchExecution.UpdateVMScenario.UpdateVirtualMachine(java.lang.String,java.lang.String,java.lang.String,java.lang.String,java.lang.String,java.lang.String,java.lang.String,java.lang.String,java.lang.String,java.lang.String,java.lang.String,java.lang.String,java.lang.String,java.lang.String,java.lang.String,java.lang.String,java.lang.String,java.lang.String,java.lang.String,java.lang.String,java.lang.String,java.lang.String,java.lang.String,java.lang.String,java.lang.String,java.lang.String,java.lang.String,java.lang.String,java.lang.String,java.lang.String,java.lang.String,java.lang.String) throws java.awt.AWTException,java.lang.InterruptedException,java.io.IOException]]>
              </value>
            </param>
            <param index="1">
              <value>
                <![CDATA[[Ljava.lang.Object;@677b8e13]]>
              </value>
            </param>
          </params>
          <reporter-output>
          </reporter-output>
        </test-method> <!-- extractTestNameFromParameters -->
        <test-method status="PASS" signature="UpdateVirtualMachine(java.lang.String, java.lang.String, java.lang.String, java.lang.String, java.lang.String, java.lang.String, java.lang.String, java.lang.String, java.lang.String, java.lang.String, java.lang.String, java.lang.String, java.lang.String, java.lang.String, java.lang.String, java.lang.String, java.lang.String, java.lang.String, java.lang.String, java.lang.String, java.lang.String, java.lang.String, java.lang.String, java.lang.String, java.lang.String, java.lang.String, java.lang.String, java.lang.String, java.lang.String, java.lang.String, java.lang.String, java.lang.String)[pri:1, instance:BatchExecution.UpdateVMScenario@3e92efc3]" test-instance-name="cNetLogoutScenario" name="UpdateVirtualMachine" duration-ms="410" started-at="2017-07-18T12:22:50Z" data-provider="UpdateVM_Update" finished-at="2017-07-18T12:22:51Z">
          <params>
            <param index="0">
              <value>
                <![CDATA[Y]]>
              </value>
            </param>
            <param index="1">
              <value>
                <![CDATA[UpdateVM_Dallas_OpenStack_Dev63]]>
              </value>
            </param>
            <param index="2">
              <value>
                <![CDATA[Update]]>
              </value>
            </param>
            <param index="3">
              <value>
                <![CDATA[PRJ0010232]]>
              </value>
            </param>
            <param index="4">
              <value>
                <![CDATA[Dallas]]>
              </value>
            </param>
            <param index="5">
              <value>
                <![CDATA[OpenStack]]>
              </value>
            </param>
            <param index="6">
              <value>
                <![CDATA[]]>
              </value>
            </param>
            <param index="7">
              <value>
                <![CDATA[]]>
              </value>
            </param>
            <param index="8">
              <value>
                <![CDATA[OpenStack-AIMS-CNET-01]]>
              </value>
            </param>
            <param index="9">
              <value>
                <![CDATA[DEV-LNX-APACHE-63]]>
              </value>
            </param>
            <param index="10">
              <value>
                <![CDATA[t2.micro]]>
              </value>
            </param>
            <param index="11">
              <value>
                <![CDATA[Yes]]>
              </value>
            </param>
            <param index="12">
              <value>
                <![CDATA[NetApp]]>
              </value>
            </param>
            <param index="13">
              <value>
                <![CDATA[StorageName]]>
              </value>
            </param>
            <param index="14">
              <value>
                <![CDATA[AggregateName]]>
              </value>
            </param>
            <param index="15">
              <value>
                <![CDATA[Vserver]]>
              </value>
            </param>
            <param index="16">
              <value>
                <![CDATA[30]]>
              </value>
            </param>
            <param index="17">
              <value>
                <![CDATA[MB]]>
              </value>
            </param>
            <param index="18">
              <value>
                <![CDATA[TCP]]>
              </value>
            </param>
            <param index="19">
              <value>
                <![CDATA[Port]]>
              </value>
            </param>
            <param index="20">
              <value>
                <![CDATA[4545]]>
              </value>
            </param>
            <param index="21">
              <value>
                <![CDATA[IP]]>
              </value>
            </param>
            <param index="22">
              <value>
                <![CDATA[45]]>
              </value>
            </param>
            <param index="23">
              <value>
                <![CDATA[]]>
              </value>
            </param>
            <param index="24">
              <value>
                <![CDATA[]]>
              </value>
            </param>
            <param index="25">
              <value>
                <![CDATA[]]>
              </value>
            </param>
            <param index="26">
              <value>
                <![CDATA[]]>
              </value>
            </param>
            <param index="27">
              <value>
                <![CDATA[Yes]]>
              </value>
            </param>
            <param index="28">
              <value>
                <![CDATA[Yes]]>
              </value>
            </param>
            <param index="29">
              <value>
                <![CDATA[Yes]]>
              </value>
            </param>
            <param index="30">
              <value>
                <![CDATA[Yes]]>
              </value>
            </param>
            <param index="31">
              <value>
                <![CDATA[45]]>
              </value>
            </param>
          </params>
          <reporter-output>
          </reporter-output>
        </test-method> <!-- UpdateVirtualMachine -->
        <test-method status="PASS" signature="extractTestNameFromParameters(java.lang.reflect.Method, [Ljava.lang.Object;)[pri:0, instance:BatchExecution.UpdateVMScenario@3e92efc3]" test-instance-name="cNetLogoutScenario" name="extractTestNameFromParameters" is-config="true" duration-ms="0" started-at="2017-07-18T12:22:51Z" finished-at="2017-07-18T12:22:51Z">
          <params>
            <param index="0">
              <value>
                <![CDATA[public void BatchExecution.UpdateVMScenario.UpdateVirtualMachine(java.lang.String,java.lang.String,java.lang.String,java.lang.String,java.lang.String,java.lang.String,java.lang.String,java.lang.String,java.lang.String,java.lang.String,java.lang.String,java.lang.String,java.lang.String,java.lang.String,java.lang.String,java.lang.String,java.lang.String,java.lang.String,java.lang.String,java.lang.String,java.lang.String,java.lang.String,java.lang.String,java.lang.String,java.lang.String,java.lang.String,java.lang.String,java.lang.String,java.lang.String,java.lang.String,java.lang.String,java.lang.String) throws java.awt.AWTException,java.lang.InterruptedException,java.io.IOException]]>
              </value>
            </param>
            <param index="1">
              <value>
                <![CDATA[[Ljava.lang.Object;@4a9486c0]]>
              </value>
            </param>
          </params>
          <reporter-output>
          </reporter-output>
        </test-method> <!-- extractTestNameFromParameters -->
        <test-method status="PASS" signature="UpdateVirtualMachine(java.lang.String, java.lang.String, java.lang.String, java.lang.String, java.lang.String, java.lang.String, java.lang.String, java.lang.String, java.lang.String, java.lang.String, java.lang.String, java.lang.String, java.lang.String, java.lang.String, java.lang.String, java.lang.String, java.lang.String, java.lang.String, java.lang.String, java.lang.String, java.lang.String, java.lang.String, java.lang.String, java.lang.String, java.lang.String, java.lang.String, java.lang.String, java.lang.String, java.lang.String, java.lang.String, java.lang.String, java.lang.String)[pri:1, instance:BatchExecution.UpdateVMScenario@3e92efc3]" test-instance-name="cNetLogoutScenario" name="UpdateVirtualMachine" duration-ms="4891" started-at="2017-07-18T12:22:51Z" data-provider="UpdateVM_Update" finished-at="2017-07-18T12:22:56Z">
          <params>
            <param index="0">
              <value>
                <![CDATA[Y]]>
              </value>
            </param>
            <param index="1">
              <value>
                <![CDATA[UpdateVM_Dallas_OpenStack_Dev59]]>
              </value>
            </param>
            <param index="2">
              <value>
                <![CDATA[Update]]>
              </value>
            </param>
            <param index="3">
              <value>
                <![CDATA[PRJ0010232]]>
              </value>
            </param>
            <param index="4">
              <value>
                <![CDATA[Dallas]]>
              </value>
            </param>
            <param index="5">
              <value>
                <![CDATA[OpenStack]]>
              </value>
            </param>
            <param index="6">
              <value>
                <![CDATA[]]>
              </value>
            </param>
            <param index="7">
              <value>
                <![CDATA[]]>
              </value>
            </param>
            <param index="8">
              <value>
                <![CDATA[OpenStack-AIMS-CNET-01]]>
              </value>
            </param>
            <param index="9">
              <value>
                <![CDATA[DEV-LNX-APACHE-59]]>
              </value>
            </param>
            <param index="10">
              <value>
                <![CDATA[t2.nano]]>
              </value>
            </param>
            <param index="11">
              <value>
                <![CDATA[Yes]]>
              </value>
            </param>
            <param index="12">
              <value>
                <![CDATA[EMC]]>
              </value>
            </param>
            <param index="13">
              <value>
                <![CDATA[StorageName1]]>
              </value>
            </param>
            <param index="14">
              <value>
                <![CDATA[AggregateName1]]>
              </value>
            </param>
            <param index="15">
              <value>
                <![CDATA[Vserver1]]>
              </value>
            </param>
            <param index="16">
              <value>
                <![CDATA[40]]>
              </value>
            </param>
            <param index="17">
              <value>
                <![CDATA[MB]]>
              </value>
            </param>
            <param index="18">
              <value>
                <![CDATA[TCP]]>
              </value>
            </param>
            <param index="19">
              <value>
                <![CDATA[Port]]>
              </value>
            </param>
            <param index="20">
              <value>
                <![CDATA[1234]]>
              </value>
            </param>
            <param index="21">
              <value>
                <![CDATA[IP]]>
              </value>
            </param>
            <param index="22">
              <value>
                <![CDATA[56]]>
              </value>
            </param>
            <param index="23">
              <value>
                <![CDATA[]]>
              </value>
            </param>
            <param index="24">
              <value>
                <![CDATA[]]>
              </value>
            </param>
            <param index="25">
              <value>
                <![CDATA[]]>
              </value>
            </param>
            <param index="26">
              <value>
                <![CDATA[]]>
              </value>
            </param>
            <param index="27">
              <value>
                <![CDATA[Yes]]>
              </value>
            </param>
            <param index="28">
              <value>
                <![CDATA[Yes]]>
              </value>
            </param>
            <param index="29">
              <value>
                <![CDATA[Yes]]>
              </value>
            </param>
            <param index="30">
              <value>
                <![CDATA[Yes]]>
              </value>
            </param>
            <param index="31">
              <value>
                <![CDATA[98]]>
              </value>
            </param>
          </params>
          <reporter-output>
          </reporter-output>
        </test-method> <!-- UpdateVirtualMachine -->
        <test-method status="PASS" signature="extractTestNameFromParameters(java.lang.reflect.Method, [Ljava.lang.Object;)[pri:0, instance:BatchExecution.UpdateVMScenario@3e92efc3]" test-instance-name="cNetLogoutScenario" name="extractTestNameFromParameters" is-config="true" duration-ms="1" started-at="2017-07-18T12:22:56Z" finished-at="2017-07-18T12:22:56Z">
          <params>
            <param index="0">
              <value>
                <![CDATA[public void BatchExecution.UpdateVMScenario.UpdateVirtualMachine(java.lang.String,java.lang.String,java.lang.String,java.lang.String,java.lang.String,java.lang.String,java.lang.String,java.lang.String,java.lang.String,java.lang.String,java.lang.String,java.lang.String,java.lang.String,java.lang.String,java.lang.String,java.lang.String,java.lang.String,java.lang.String,java.lang.String,java.lang.String,java.lang.String,java.lang.String,java.lang.String,java.lang.String,java.lang.String,java.lang.String,java.lang.String,java.lang.String,java.lang.String,java.lang.String,java.lang.String,java.lang.String) throws java.awt.AWTException,java.lang.InterruptedException,java.io.IOException]]>
              </value>
            </param>
            <param index="1">
              <value>
                <![CDATA[[Ljava.lang.Object;@4c27d39d]]>
              </value>
            </param>
          </params>
          <reporter-output>
          </reporter-output>
        </test-method> <!-- extractTestNameFromParameters -->
        <test-method status="PASS" signature="UpdateVirtualMachine(java.lang.String, java.lang.String, java.lang.String, java.lang.String, java.lang.String, java.lang.String, java.lang.String, java.lang.String, java.lang.String, java.lang.String, java.lang.String, java.lang.String, java.lang.String, java.lang.String, java.lang.String, java.lang.String, java.lang.String, java.lang.String, java.lang.String, java.lang.String, java.lang.String, java.lang.String, java.lang.String, java.lang.String, java.lang.String, java.lang.String, java.lang.String, java.lang.String, java.lang.String, java.lang.String, java.lang.String, java.lang.String)[pri:1, instance:BatchExecution.UpdateVMScenario@3e92efc3]" test-instance-name="cNetLogoutScenario" name="UpdateVirtualMachine" duration-ms="37" started-at="2017-07-18T12:22:56Z" data-provider="UpdateVM_Update" finished-at="2017-07-18T12:22:56Z">
          <params>
            <param index="0">
              <value>
                <![CDATA[Y]]>
              </value>
            </param>
            <param index="1">
              <value>
                <![CDATA[UpdateVM_Dallas_OpenStack_Dev91]]>
              </value>
            </param>
            <param index="2">
              <value>
                <![CDATA[Update]]>
              </value>
            </param>
            <param index="3">
              <value>
                <![CDATA[PRJ0010232]]>
              </value>
            </param>
            <param index="4">
              <value>
                <![CDATA[Dallas]]>
              </value>
            </param>
            <param index="5">
              <value>
                <![CDATA[OpenStack]]>
              </value>
            </param>
            <param index="6">
              <value>
                <![CDATA[]]>
              </value>
            </param>
            <param index="7">
              <value>
                <![CDATA[]]>
              </value>
            </param>
            <param index="8">
              <value>
                <![CDATA[OpenStack-AIMS-CNET-01]]>
              </value>
            </param>
            <param index="9">
              <value>
                <![CDATA[DEV-LNX-APACHE-91]]>
              </value>
            </param>
            <param index="10">
              <value>
                <![CDATA[t2.small]]>
              </value>
            </param>
            <param index="11">
              <value>
                <![CDATA[Yes]]>
              </value>
            </param>
            <param index="12">
              <value>
                <![CDATA[HP]]>
              </value>
            </param>
            <param index="13">
              <value>
                <![CDATA[StorageName2]]>
              </value>
            </param>
            <param index="14">
              <value>
                <![CDATA[AggregateName2]]>
              </value>
            </param>
            <param index="15">
              <value>
                <![CDATA[Vserver2]]>
              </value>
            </param>
            <param index="16">
              <value>
                <![CDATA[50]]>
              </value>
            </param>
            <param index="17">
              <value>
                <![CDATA[MB]]>
              </value>
            </param>
            <param index="18">
              <value>
                <![CDATA[UDP]]>
              </value>
            </param>
            <param index="19">
              <value>
                <![CDATA[Port Range]]>
              </value>
            </param>
            <param index="20">
              <value>
                <![CDATA[]]>
              </value>
            </param>
            <param index="21">
              <value>
                <![CDATA[IP Range]]>
              </value>
            </param>
            <param index="22">
              <value>
                <![CDATA[]]>
              </value>
            </param>
            <param index="23">
              <value>
                <![CDATA[45]]>
              </value>
            </param>
            <param index="24">
              <value>
                <![CDATA[78]]>
              </value>
            </param>
            <param index="25">
              <value>
                <![CDATA[31]]>
              </value>
            </param>
            <param index="26">
              <value>
                <![CDATA[23]]>
              </value>
            </param>
            <param index="27">
              <value>
                <![CDATA[Yes]]>
              </value>
            </param>
            <param index="28">
              <value>
                <![CDATA[Yes]]>
              </value>
            </param>
            <param index="29">
              <value>
                <![CDATA[Yes]]>
              </value>
            </param>
            <param index="30">
              <value>
                <![CDATA[No]]>
              </value>
            </param>
            <param index="31">
              <value>
                <![CDATA[]]>
              </value>
            </param>
          </params>
          <reporter-output>
          </reporter-output>
        </test-method> <!-- UpdateVirtualMachine -->
        <test-method status="PASS" signature="extractTestNameFromParameters(java.lang.reflect.Method, [Ljava.lang.Object;)[pri:0, instance:BatchExecution.UpdateVMScenario@3e92efc3]" test-instance-name="cNetLogoutScenario" name="extractTestNameFromParameters" is-config="true" duration-ms="1" started-at="2017-07-18T12:22:56Z" finished-at="2017-07-18T12:22:56Z">
          <params>
            <param index="0">
              <value>
                <![CDATA[public void BatchExecution.UpdateVMScenario.UpdateVirtualMachine(java.lang.String,java.lang.String,java.lang.String,java.lang.String,java.lang.String,java.lang.String,java.lang.String,java.lang.String,java.lang.String,java.lang.String,java.lang.String,java.lang.String,java.lang.String,java.lang.String,java.lang.String,java.lang.String,java.lang.String,java.lang.String,java.lang.String,java.lang.String,java.lang.String,java.lang.String,java.lang.String,java.lang.String,java.lang.String,java.lang.String,java.lang.String,java.lang.String,java.lang.String,java.lang.String,java.lang.String,java.lang.String) throws java.awt.AWTException,java.lang.InterruptedException,java.io.IOException]]>
              </value>
            </param>
            <param index="1">
              <value>
                <![CDATA[[Ljava.lang.Object;@40ee0a22]]>
              </value>
            </param>
          </params>
          <reporter-output>
          </reporter-output>
        </test-method> <!-- extractTestNameFromParameters -->
        <test-method status="PASS" signature="UpdateVirtualMachine(java.lang.String, java.lang.String, java.lang.String, java.lang.String, java.lang.String, java.lang.String, java.lang.String, java.lang.String, java.lang.String, java.lang.String, java.lang.String, java.lang.String, java.lang.String, java.lang.String, java.lang.String, java.lang.String, java.lang.String, java.lang.String, java.lang.String, java.lang.String, java.lang.String, java.lang.String, java.lang.String, java.lang.String, java.lang.String, java.lang.String, java.lang.String, java.lang.String, java.lang.String, java.lang.String, java.lang.String, java.lang.String)[pri:1, instance:BatchExecution.UpdateVMScenario@3e92efc3]" test-instance-name="cNetLogoutScenario" name="UpdateVirtualMachine" duration-ms="26" started-at="2017-07-18T12:22:56Z" data-provider="UpdateVM_Update" finished-at="2017-07-18T12:22:56Z">
          <params>
            <param index="0">
              <value>
                <![CDATA[Y]]>
              </value>
            </param>
            <param index="1">
              <value>
                <![CDATA[UpdateVM_Dallas_OpenStack_Dev13]]>
              </value>
            </param>
            <param index="2">
              <value>
                <![CDATA[Update]]>
              </value>
            </param>
            <param index="3">
              <value>
                <![CDATA[PRJ0010232]]>
              </value>
            </param>
            <param index="4">
              <value>
                <![CDATA[Dallas]]>
              </value>
            </param>
            <param index="5">
              <value>
                <![CDATA[OpenStack]]>
              </value>
            </param>
            <param index="6">
              <value>
                <![CDATA[]]>
              </value>
            </param>
            <param index="7">
              <value>
                <![CDATA[]]>
              </value>
            </param>
            <param index="8">
              <value>
                <![CDATA[OpenStack-AIMS-CNET-01]]>
              </value>
            </param>
            <param index="9">
              <value>
                <![CDATA[DEV-LNX-GRAPAHANA-13]]>
              </value>
            </param>
            <param index="10">
              <value>
                <![CDATA[t2.micro]]>
              </value>
            </param>
            <param index="11">
              <value>
                <![CDATA[Yes]]>
              </value>
            </param>
            <param index="12">
              <value>
                <![CDATA[EMC]]>
              </value>
            </param>
            <param index="13">
              <value>
                <![CDATA[StorageName3]]>
              </value>
            </param>
            <param index="14">
              <value>
                <![CDATA[AggregateName3]]>
              </value>
            </param>
            <param index="15">
              <value>
                <![CDATA[Vserver3]]>
              </value>
            </param>
            <param index="16">
              <value>
                <![CDATA[60]]>
              </value>
            </param>
            <param index="17">
              <value>
                <![CDATA[MB]]>
              </value>
            </param>
            <param index="18">
              <value>
                <![CDATA[Custom]]>
              </value>
            </param>
            <param index="19">
              <value>
                <![CDATA[Port]]>
              </value>
            </param>
            <param index="20">
              <value>
                <![CDATA[4569]]>
              </value>
            </param>
            <param index="21">
              <value>
                <![CDATA[Any]]>
              </value>
            </param>
            <param index="22">
              <value>
                <![CDATA[65]]>
              </value>
            </param>
            <param index="23">
              <value>
                <![CDATA[]]>
              </value>
            </param>
            <param index="24">
              <value>
                <![CDATA[]]>
              </value>
            </param>
            <param index="25">
              <value>
                <![CDATA[]]>
              </value>
            </param>
            <param index="26">
              <value>
                <![CDATA[]]>
              </value>
            </param>
            <param index="27">
              <value>
                <![CDATA[Yes]]>
              </value>
            </param>
            <param index="28">
              <value>
                <![CDATA[No]]>
              </value>
            </param>
            <param index="29">
              <value>
                <![CDATA[Yes]]>
              </value>
            </param>
            <param index="30">
              <value>
                <![CDATA[Yes]]>
              </value>
            </param>
            <param index="31">
              <value>
                <![CDATA[698]]>
              </value>
            </param>
          </params>
          <reporter-output>
          </reporter-output>
        </test-method> <!-- UpdateVirtualMachine -->
        <test-method status="PASS" signature="extractTestNameFromParameters(java.lang.reflect.Method, [Ljava.lang.Object;)[pri:0, instance:BatchExecution.UpdateVMScenario@3e92efc3]" test-instance-name="cNetLogoutScenario" name="extractTestNameFromParameters" is-config="true" duration-ms="1" started-at="2017-07-18T12:22:56Z" finished-at="2017-07-18T12:22:56Z">
          <params>
            <param index="0">
              <value>
                <![CDATA[public void BatchExecution.UpdateVMScenario.UpdateVirtualMachine(java.lang.String,java.lang.String,java.lang.String,java.lang.String,java.lang.String,java.lang.String,java.lang.String,java.lang.String,java.lang.String,java.lang.String,java.lang.String,java.lang.String,java.lang.String,java.lang.String,java.lang.String,java.lang.String,java.lang.String,java.lang.String,java.lang.String,java.lang.String,java.lang.String,java.lang.String,java.lang.String,java.lang.String,java.lang.String,java.lang.String,java.lang.String,java.lang.String,java.lang.String,java.lang.String,java.lang.String,java.lang.String) throws java.awt.AWTException,java.lang.InterruptedException,java.io.IOException]]>
              </value>
            </param>
            <param index="1">
              <value>
                <![CDATA[[Ljava.lang.Object;@7bde1f3a]]>
              </value>
            </param>
          </params>
          <reporter-output>
          </reporter-output>
        </test-method> <!-- extractTestNameFromParameters -->
        <test-method status="PASS" signature="UpdateVirtualMachine(java.lang.String, java.lang.String, java.lang.String, java.lang.String, java.lang.String, java.lang.String, java.lang.String, java.lang.String, java.lang.String, java.lang.String, java.lang.String, java.lang.String, java.lang.String, java.lang.String, java.lang.String, java.lang.String, java.lang.String, java.lang.String, java.lang.String, java.lang.String, java.lang.String, java.lang.String, java.lang.String, java.lang.String, java.lang.String, java.lang.String, java.lang.String, java.lang.String, java.lang.String, java.lang.String, java.lang.String, java.lang.String)[pri:1, instance:BatchExecution.UpdateVMScenario@3e92efc3]" test-instance-name="cNetLogoutScenario" name="UpdateVirtualMachine" duration-ms="97" started-at="2017-07-18T12:22:56Z" data-provider="UpdateVM_Update" finished-at="2017-07-18T12:22:56Z">
          <params>
            <param index="0">
              <value>
                <![CDATA[Y]]>
              </value>
            </param>
            <param index="1">
              <value>
                <![CDATA[UpdateVM_Dallas_OpenStack_Dev83]]>
              </value>
            </param>
            <param index="2">
              <value>
                <![CDATA[Update]]>
              </value>
            </param>
            <param index="3">
              <value>
                <![CDATA[PRJ0010232]]>
              </value>
            </param>
            <param index="4">
              <value>
                <![CDATA[Dallas]]>
              </value>
            </param>
            <param index="5">
              <value>
                <![CDATA[OpenStack]]>
              </value>
            </param>
            <param index="6">
              <value>
                <![CDATA[]]>
              </value>
            </param>
            <param index="7">
              <value>
                <![CDATA[]]>
              </value>
            </param>
            <param index="8">
              <value>
                <![CDATA[OpenStack-AIMS-CNET-01]]>
              </value>
            </param>
            <param index="9">
              <value>
                <![CDATA[DEV-WIN-TOMCAT-83]]>
              </value>
            </param>
            <param index="10">
              <value>
                <![CDATA[t2.medium]]>
              </value>
            </param>
            <param index="11">
              <value>
                <![CDATA[Yes]]>
              </value>
            </param>
            <param index="12">
              <value>
                <![CDATA[HP]]>
              </value>
            </param>
            <param index="13">
              <value>
                <![CDATA[StorageName4]]>
              </value>
            </param>
            <param index="14">
              <value>
                <![CDATA[AggregateName4]]>
              </value>
            </param>
            <param index="15">
              <value>
                <![CDATA[Vserver4]]>
              </value>
            </param>
            <param index="16">
              <value>
                <![CDATA[70]]>
              </value>
            </param>
            <param index="17">
              <value>
                <![CDATA[MB]]>
              </value>
            </param>
            <param index="18">
              <value>
                <![CDATA[ICMP]]>
              </value>
            </param>
            <param index="19">
              <value>
                <![CDATA[Port Range]]>
              </value>
            </param>
            <param index="20">
              <value>
                <![CDATA[]]>
              </value>
            </param>
            <param index="21">
              <value>
                <![CDATA[Any]]>
              </value>
            </param>
            <param index="22">
              <value>
                <![CDATA[]]>
              </value>
            </param>
            <param index="23">
              <value>
                <![CDATA[12]]>
              </value>
            </param>
            <param index="24">
              <value>
                <![CDATA[41]]>
              </value>
            </param>
            <param index="25">
              <value>
                <![CDATA[]]>
              </value>
            </param>
            <param index="26">
              <value>
                <![CDATA[]]>
              </value>
            </param>
            <param index="27">
              <value>
                <![CDATA[Yes]]>
              </value>
            </param>
            <param index="28">
              <value>
                <![CDATA[No]]>
              </value>
            </param>
            <param index="29">
              <value>
                <![CDATA[No]]>
              </value>
            </param>
            <param index="30">
              <value>
                <![CDATA[]]>
              </value>
            </param>
            <param index="31">
              <value>
                <![CDATA[]]>
              </value>
            </param>
          </params>
          <reporter-output>
          </reporter-output>
        </test-method> <!-- UpdateVirtualMachine -->
        <test-method status="PASS" signature="extractTestNameFromParameters(java.lang.reflect.Method, [Ljava.lang.Object;)[pri:0, instance:BatchExecution.UpdateVMScenario@3e92efc3]" test-instance-name="cNetLogoutScenario" name="extractTestNameFromParameters" is-config="true" duration-ms="1" started-at="2017-07-18T12:22:56Z" finished-at="2017-07-18T12:22:56Z">
          <params>
            <param index="0">
              <value>
                <![CDATA[public void BatchExecution.UpdateVMScenario.UpdateVirtualMachine(java.lang.String,java.lang.String,java.lang.String,java.lang.String,java.lang.String,java.lang.String,java.lang.String,java.lang.String,java.lang.String,java.lang.String,java.lang.String,java.lang.String,java.lang.String,java.lang.String,java.lang.String,java.lang.String,java.lang.String,java.lang.String,java.lang.String,java.lang.String,java.lang.String,java.lang.String,java.lang.String,java.lang.String,java.lang.String,java.lang.String,java.lang.String,java.lang.String,java.lang.String,java.lang.String,java.lang.String,java.lang.String) throws java.awt.AWTException,java.lang.InterruptedException,java.io.IOException]]>
              </value>
            </param>
            <param index="1">
              <value>
                <![CDATA[[Ljava.lang.Object;@15923407]]>
              </value>
            </param>
          </params>
          <reporter-output>
          </reporter-output>
        </test-method> <!-- extractTestNameFromParameters -->
        <test-method status="PASS" signature="UpdateVirtualMachine(java.lang.String, java.lang.String, java.lang.String, java.lang.String, java.lang.String, java.lang.String, java.lang.String, java.lang.String, java.lang.String, java.lang.String, java.lang.String, java.lang.String, java.lang.String, java.lang.String, java.lang.String, java.lang.String, java.lang.String, java.lang.String, java.lang.String, java.lang.String, java.lang.String, java.lang.String, java.lang.String, java.lang.String, java.lang.String, java.lang.String, java.lang.String, java.lang.String, java.lang.String, java.lang.String, java.lang.String, java.lang.String)[pri:1, instance:BatchExecution.UpdateVMScenario@3e92efc3]" test-instance-name="cNetLogoutScenario" name="UpdateVirtualMachine" duration-ms="26" started-at="2017-07-18T12:22:56Z" data-provider="UpdateVM_Update" finished-at="2017-07-18T12:22:56Z">
          <params>
            <param index="0">
              <value>
                <![CDATA[Y]]>
              </value>
            </param>
            <param index="1">
              <value>
                <![CDATA[UpdateVM_Dallas_OpenStack_Dev84]]>
              </value>
            </param>
            <param index="2">
              <value>
                <![CDATA[Update]]>
              </value>
            </param>
            <param index="3">
              <value>
                <![CDATA[PRJ0010232]]>
              </value>
            </param>
            <param index="4">
              <value>
                <![CDATA[Dallas]]>
              </value>
            </param>
            <param index="5">
              <value>
                <![CDATA[OpenStack]]>
              </value>
            </param>
            <param index="6">
              <value>
                <![CDATA[]]>
              </value>
            </param>
            <param index="7">
              <value>
                <![CDATA[]]>
              </value>
            </param>
            <param index="8">
              <value>
                <![CDATA[OpenStack-AIMS-CNET-01]]>
              </value>
            </param>
            <param index="9">
              <value>
                <![CDATA[DEV-WIN-TOMCAT-84]]>
              </value>
            </param>
            <param index="10">
              <value>
                <![CDATA[t2.large]]>
              </value>
            </param>
            <param index="11">
              <value>
                <![CDATA[Yes]]>
              </value>
            </param>
            <param index="12">
              <value>
                <![CDATA[NetApp]]>
              </value>
            </param>
            <param index="13">
              <value>
                <![CDATA[StorageName5]]>
              </value>
            </param>
            <param index="14">
              <value>
                <![CDATA[AggregateName5]]>
              </value>
            </param>
            <param index="15">
              <value>
                <![CDATA[Vserver5]]>
              </value>
            </param>
            <param index="16">
              <value>
                <![CDATA[89]]>
              </value>
            </param>
            <param index="17">
              <value>
                <![CDATA[MB]]>
              </value>
            </param>
            <param index="18">
              <value>
                <![CDATA[TCP]]>
              </value>
            </param>
            <param index="19">
              <value>
                <![CDATA[Port]]>
              </value>
            </param>
            <param index="20">
              <value>
                <![CDATA[3645]]>
              </value>
            </param>
            <param index="21">
              <value>
                <![CDATA[Any]]>
              </value>
            </param>
            <param index="22">
              <value>
                <![CDATA[]]>
              </value>
            </param>
            <param index="23">
              <value>
                <![CDATA[89]]>
              </value>
            </param>
            <param index="24">
              <value>
                <![CDATA[]]>
              </value>
            </param>
            <param index="25">
              <value>
                <![CDATA[]]>
              </value>
            </param>
            <param index="26">
              <value>
                <![CDATA[]]>
              </value>
            </param>
            <param index="27">
              <value>
                <![CDATA[Yes]]>
              </value>
            </param>
            <param index="28">
              <value>
                <![CDATA[Yes]]>
              </value>
            </param>
            <param index="29">
              <value>
                <![CDATA[No]]>
              </value>
            </param>
            <param index="30">
              <value>
                <![CDATA[]]>
              </value>
            </param>
            <param index="31">
              <value>
                <![CDATA[]]>
              </value>
            </param>
          </params>
          <reporter-output>
          </reporter-output>
        </test-method> <!-- UpdateVirtualMachine -->
        <test-method status="PASS" signature="extractTestNameFromParameters(java.lang.reflect.Method, [Ljava.lang.Object;)[pri:0, instance:BatchExecution.UpdateVMScenario@3e92efc3]" test-instance-name="cNetLogoutScenario" name="extractTestNameFromParameters" is-config="true" duration-ms="1" started-at="2017-07-18T12:22:56Z" finished-at="2017-07-18T12:22:56Z">
          <params>
            <param index="0">
              <value>
                <![CDATA[public void BatchExecution.UpdateVMScenario.UpdateVirtualMachine(java.lang.String,java.lang.String,java.lang.String,java.lang.String,java.lang.String,java.lang.String,java.lang.String,java.lang.String,java.lang.String,java.lang.String,java.lang.String,java.lang.String,java.lang.String,java.lang.String,java.lang.String,java.lang.String,java.lang.String,java.lang.String,java.lang.String,java.lang.String,java.lang.String,java.lang.String,java.lang.String,java.lang.String,java.lang.String,java.lang.String,java.lang.String,java.lang.String,java.lang.String,java.lang.String,java.lang.String,java.lang.String) throws java.awt.AWTException,java.lang.InterruptedException,java.io.IOException]]>
              </value>
            </param>
            <param index="1">
              <value>
                <![CDATA[[Ljava.lang.Object;@67dba613]]>
              </value>
            </param>
          </params>
          <reporter-output>
          </reporter-output>
        </test-method> <!-- extractTestNameFromParameters -->
        <test-method status="PASS" signature="UpdateVirtualMachine(java.lang.String, java.lang.String, java.lang.String, java.lang.String, java.lang.String, java.lang.String, java.lang.String, java.lang.String, java.lang.String, java.lang.String, java.lang.String, java.lang.String, java.lang.String, java.lang.String, java.lang.String, java.lang.String, java.lang.String, java.lang.String, java.lang.String, java.lang.String, java.lang.String, java.lang.String, java.lang.String, java.lang.String, java.lang.String, java.lang.String, java.lang.String, java.lang.String, java.lang.String, java.lang.String, java.lang.String, java.lang.String)[pri:1, instance:BatchExecution.UpdateVMScenario@3e92efc3]" test-instance-name="cNetLogoutScenario" name="UpdateVirtualMachine" duration-ms="35" started-at="2017-07-18T12:22:56Z" data-provider="UpdateVM_Update" finished-at="2017-07-18T12:22:56Z">
          <params>
            <param index="0">
              <value>
                <![CDATA[Y]]>
              </value>
            </param>
            <param index="1">
              <value>
                <![CDATA[UpdateVM_Dallas_OpenStack_Prod30]]>
              </value>
            </param>
            <param index="2">
              <value>
                <![CDATA[Update]]>
              </value>
            </param>
            <param index="3">
              <value>
                <![CDATA[PRJ0010232]]>
              </value>
            </param>
            <param index="4">
              <value>
                <![CDATA[Dallas]]>
              </value>
            </param>
            <param index="5">
              <value>
                <![CDATA[OpenStack]]>
              </value>
            </param>
            <param index="6">
              <value>
                <![CDATA[]]>
              </value>
            </param>
            <param index="7">
              <value>
                <![CDATA[]]>
              </value>
            </param>
            <param index="8">
              <value>
                <![CDATA[OpenStack-AIMS-CNET-01]]>
              </value>
            </param>
            <param index="9">
              <value>
                <![CDATA[PRD-LNX-NGNX-30]]>
              </value>
            </param>
            <param index="10">
              <value>
                <![CDATA[t2.xlarge]]>
              </value>
            </param>
            <param index="11">
              <value>
                <![CDATA[Yes]]>
              </value>
            </param>
            <param index="12">
              <value>
                <![CDATA[EMC]]>
              </value>
            </param>
            <param index="13">
              <value>
                <![CDATA[StorageName6]]>
              </value>
            </param>
            <param index="14">
              <value>
                <![CDATA[AggregateName6]]>
              </value>
            </param>
            <param index="15">
              <value>
                <![CDATA[Vserver6]]>
              </value>
            </param>
            <param index="16">
              <value>
                <![CDATA[21]]>
              </value>
            </param>
            <param index="17">
              <value>
                <![CDATA[MB]]>
              </value>
            </param>
            <param index="18">
              <value>
                <![CDATA[ICMP]]>
              </value>
            </param>
            <param index="19">
              <value>
                <![CDATA[Port]]>
              </value>
            </param>
            <param index="20">
              <value>
                <![CDATA[7896]]>
              </value>
            </param>
            <param index="21">
              <value>
                <![CDATA[Any]]>
              </value>
            </param>
            <param index="22">
              <value>
                <![CDATA[]]>
              </value>
            </param>
            <param index="23">
              <value>
                <![CDATA[78]]>
              </value>
            </param>
            <param index="24">
              <value>
                <![CDATA[]]>
              </value>
            </param>
            <param index="25">
              <value>
                <![CDATA[]]>
              </value>
            </param>
            <param index="26">
              <value>
                <![CDATA[]]>
              </value>
            </param>
            <param index="27">
              <value>
                <![CDATA[Yes]]>
              </value>
            </param>
            <param index="28">
              <value>
                <![CDATA[Yes]]>
              </value>
            </param>
            <param index="29">
              <value>
                <![CDATA[Yes]]>
              </value>
            </param>
            <param index="30">
              <value>
                <![CDATA[Yes]]>
              </value>
            </param>
            <param index="31">
              <value>
                <![CDATA[89]]>
              </value>
            </param>
          </params>
          <reporter-output>
          </reporter-output>
        </test-method> <!-- UpdateVirtualMachine -->
        <test-method status="PASS" signature="extractTestNameFromParameters(java.lang.reflect.Method, [Ljava.lang.Object;)[pri:0, instance:BatchExecution.UpdateVMScenario@3e92efc3]" test-instance-name="cNetLogoutScenario" name="extractTestNameFromParameters" is-config="true" duration-ms="0" started-at="2017-07-18T12:22:56Z" finished-at="2017-07-18T12:22:56Z">
          <params>
            <param index="0">
              <value>
                <![CDATA[public void BatchExecution.UpdateVMScenario.UpdateVirtualMachine(java.lang.String,java.lang.String,java.lang.String,java.lang.String,java.lang.String,java.lang.String,java.lang.String,java.lang.String,java.lang.String,java.lang.String,java.lang.String,java.lang.String,java.lang.String,java.lang.String,java.lang.String,java.lang.String,java.lang.String,java.lang.String,java.lang.String,java.lang.String,java.lang.String,java.lang.String,java.lang.String,java.lang.String,java.lang.String,java.lang.String,java.lang.String,java.lang.String,java.lang.String,java.lang.String,java.lang.String,java.lang.String) throws java.awt.AWTException,java.lang.InterruptedException,java.io.IOException]]>
              </value>
            </param>
            <param index="1">
              <value>
                <![CDATA[[Ljava.lang.Object;@57540fd0]]>
              </value>
            </param>
          </params>
          <reporter-output>
          </reporter-output>
        </test-method> <!-- extractTestNameFromParameters -->
        <test-method status="PASS" signature="UpdateVirtualMachine(java.lang.String, java.lang.String, java.lang.String, java.lang.String, java.lang.String, java.lang.String, java.lang.String, java.lang.String, java.lang.String, java.lang.String, java.lang.String, java.lang.String, java.lang.String, java.lang.String, java.lang.String, java.lang.String, java.lang.String, java.lang.String, java.lang.String, java.lang.String, java.lang.String, java.lang.String, java.lang.String, java.lang.String, java.lang.String, java.lang.String, java.lang.String, java.lang.String, java.lang.String, java.lang.String, java.lang.String, java.lang.String)[pri:1, instance:BatchExecution.UpdateVMScenario@3e92efc3]" test-instance-name="cNetLogoutScenario" name="UpdateVirtualMachine" duration-ms="28" started-at="2017-07-18T12:22:56Z" data-provider="UpdateVM_Update" finished-at="2017-07-18T12:22:56Z">
          <params>
            <param index="0">
              <value>
                <![CDATA[Y]]>
              </value>
            </param>
            <param index="1">
              <value>
                <![CDATA[UpdateVM_Dallas_OpenStack_Prod32]]>
              </value>
            </param>
            <param index="2">
              <value>
                <![CDATA[Update]]>
              </value>
            </param>
            <param index="3">
              <value>
                <![CDATA[PRJ0010232]]>
              </value>
            </param>
            <param index="4">
              <value>
                <![CDATA[Dallas]]>
              </value>
            </param>
            <param index="5">
              <value>
                <![CDATA[OpenStack]]>
              </value>
            </param>
            <param index="6">
              <value>
                <![CDATA[]]>
              </value>
            </param>
            <param index="7">
              <value>
                <![CDATA[]]>
              </value>
            </param>
            <param index="8">
              <value>
                <![CDATA[OpenStack-AIMS-CNET-01]]>
              </value>
            </param>
            <param index="9">
              <value>
                <![CDATA[PRD-WIN-NGNX-32]]>
              </value>
            </param>
            <param index="10">
              <value>
                <![CDATA[t2.2xlarge]]>
              </value>
            </param>
            <param index="11">
              <value>
                <![CDATA[Yes]]>
              </value>
            </param>
            <param index="12">
              <value>
                <![CDATA[EMC]]>
              </value>
            </param>
            <param index="13">
              <value>
                <![CDATA[StorageName7]]>
              </value>
            </param>
            <param index="14">
              <value>
                <![CDATA[AggregateName7]]>
              </value>
            </param>
            <param index="15">
              <value>
                <![CDATA[Vserver7]]>
              </value>
            </param>
            <param index="16">
              <value>
                <![CDATA[54]]>
              </value>
            </param>
            <param index="17">
              <value>
                <![CDATA[MB]]>
              </value>
            </param>
            <param index="18">
              <value>
                <![CDATA[UDP]]>
              </value>
            </param>
            <param index="19">
              <value>
                <![CDATA[Port Range]]>
              </value>
            </param>
            <param index="20">
              <value>
                <![CDATA[]]>
              </value>
            </param>
            <param index="21">
              <value>
                <![CDATA[IP Range]]>
              </value>
            </param>
            <param index="22">
              <value>
                <![CDATA[]]>
              </value>
            </param>
            <param index="23">
              <value>
                <![CDATA[67]]>
              </value>
            </param>
            <param index="24">
              <value>
                <![CDATA[64]]>
              </value>
            </param>
            <param index="25">
              <value>
                <![CDATA[69]]>
              </value>
            </param>
            <param index="26">
              <value>
                <![CDATA[87]]>
              </value>
            </param>
            <param index="27">
              <value>
                <![CDATA[Yes]]>
              </value>
            </param>
            <param index="28">
              <value>
                <![CDATA[No]]>
              </value>
            </param>
            <param index="29">
              <value>
                <![CDATA[No]]>
              </value>
            </param>
            <param index="30">
              <value>
                <![CDATA[]]>
              </value>
            </param>
            <param index="31">
              <value>
                <![CDATA[]]>
              </value>
            </param>
          </params>
          <reporter-output>
          </reporter-output>
        </test-method> <!-- UpdateVirtualMachine -->
        <test-method status="PASS" signature="extractTestNameFromParameters(java.lang.reflect.Method, [Ljava.lang.Object;)[pri:0, instance:BatchExecution.UpdateVMScenario@3e92efc3]" test-instance-name="cNetLogoutScenario" name="extractTestNameFromParameters" is-config="true" duration-ms="1" started-at="2017-07-18T12:22:56Z" finished-at="2017-07-18T12:22:56Z">
          <params>
            <param index="0">
              <value>
                <![CDATA[public void BatchExecution.UpdateVMScenario.UpdateVirtualMachine(java.lang.String,java.lang.String,java.lang.String,java.lang.String,java.lang.String,java.lang.String,java.lang.String,java.lang.String,java.lang.String,java.lang.String,java.lang.String,java.lang.String,java.lang.String,java.lang.String,java.lang.String,java.lang.String,java.lang.String,java.lang.String,java.lang.String,java.lang.String,java.lang.String,java.lang.String,java.lang.String,java.lang.String,java.lang.String,java.lang.String,java.lang.String,java.lang.String,java.lang.String,java.lang.String,java.lang.String,java.lang.String) throws java.awt.AWTException,java.lang.InterruptedException,java.io.IOException]]>
              </value>
            </param>
            <param index="1">
              <value>
                <![CDATA[[Ljava.lang.Object;@5cf8edcf]]>
              </value>
            </param>
          </params>
          <reporter-output>
          </reporter-output>
        </test-method> <!-- extractTestNameFromParameters -->
        <test-method status="PASS" signature="UpdateVirtualMachine(java.lang.String, java.lang.String, java.lang.String, java.lang.String, java.lang.String, java.lang.String, java.lang.String, java.lang.String, java.lang.String, java.lang.String, java.lang.String, java.lang.String, java.lang.String, java.lang.String, java.lang.String, java.lang.String, java.lang.String, java.lang.String, java.lang.String, java.lang.String, java.lang.String, java.lang.String, java.lang.String, java.lang.String, java.lang.String, java.lang.String, java.lang.String, java.lang.String, java.lang.String, java.lang.String, java.lang.String, java.lang.String)[pri:1, instance:BatchExecution.UpdateVMScenario@3e92efc3]" test-instance-name="cNetLogoutScenario" name="UpdateVirtualMachine" duration-ms="18" started-at="2017-07-18T12:22:56Z" data-provider="UpdateVM_Update" finished-at="2017-07-18T12:22:56Z">
          <params>
            <param index="0">
              <value>
                <![CDATA[Y]]>
              </value>
            </param>
            <param index="1">
              <value>
                <![CDATA[UpdateVM_Dallas_Azure_Dev63]]>
              </value>
            </param>
            <param index="2">
              <value>
                <![CDATA[Update]]>
              </value>
            </param>
            <param index="3">
              <value>
                <![CDATA[PRJ0010232]]>
              </value>
            </param>
            <param index="4">
              <value>
                <![CDATA[Dallas]]>
              </value>
            </param>
            <param index="5">
              <value>
                <![CDATA[Azure]]>
              </value>
            </param>
            <param index="6">
              <value>
                <![CDATA[]]>
              </value>
            </param>
            <param index="7">
              <value>
                <![CDATA[]]>
              </value>
            </param>
            <param index="8">
              <value>
                <![CDATA[Azure-AIMS-CNET-01]]>
              </value>
            </param>
            <param index="9">
              <value>
                <![CDATA[DEV-LNX-APACHE-63]]>
              </value>
            </param>
            <param index="10">
              <value>
                <![CDATA[t2.nano]]>
              </value>
            </param>
            <param index="11">
              <value>
                <![CDATA[Yes]]>
              </value>
            </param>
            <param index="12">
              <value>
                <![CDATA[NetApp]]>
              </value>
            </param>
            <param index="13">
              <value>
                <![CDATA[StorageName8]]>
              </value>
            </param>
            <param index="14">
              <value>
                <![CDATA[AggregateName7]]>
              </value>
            </param>
            <param index="15">
              <value>
                <![CDATA[Vserver8]]>
              </value>
            </param>
            <param index="16">
              <value>
                <![CDATA[33]]>
              </value>
            </param>
            <param index="17">
              <value>
                <![CDATA[GB]]>
              </value>
            </param>
            <param index="18">
              <value>
                <![CDATA[TCP]]>
              </value>
            </param>
            <param index="19">
              <value>
                <![CDATA[Port]]>
              </value>
            </param>
            <param index="20">
              <value>
                <![CDATA[123455]]>
              </value>
            </param>
            <param index="21">
              <value>
                <![CDATA[IP]]>
              </value>
            </param>
            <param index="22">
              <value>
                <![CDATA[14]]>
              </value>
            </param>
            <param index="23">
              <value>
                <![CDATA[]]>
              </value>
            </param>
            <param index="24">
              <value>
                <![CDATA[]]>
              </value>
            </param>
            <param index="25">
              <value>
                <![CDATA[]]>
              </value>
            </param>
            <param index="26">
              <value>
                <![CDATA[]]>
              </value>
            </param>
            <param index="27">
              <value>
                <![CDATA[Yes]]>
              </value>
            </param>
            <param index="28">
              <value>
                <![CDATA[Yes]]>
              </value>
            </param>
            <param index="29">
              <value>
                <![CDATA[Yes]]>
              </value>
            </param>
            <param index="30">
              <value>
                <![CDATA[Yes]]>
              </value>
            </param>
            <param index="31">
              <value>
                <![CDATA[344]]>
              </value>
            </param>
          </params>
          <reporter-output>
          </reporter-output>
        </test-method> <!-- UpdateVirtualMachine -->
        <test-method status="PASS" signature="extractTestNameFromParameters(java.lang.reflect.Method, [Ljava.lang.Object;)[pri:0, instance:BatchExecution.UpdateVMScenario@3e92efc3]" test-instance-name="cNetLogoutScenario" name="extractTestNameFromParameters" is-config="true" duration-ms="1" started-at="2017-07-18T12:22:56Z" finished-at="2017-07-18T12:22:56Z">
          <params>
            <param index="0">
              <value>
                <![CDATA[public void BatchExecution.UpdateVMScenario.UpdateVirtualMachine(java.lang.String,java.lang.String,java.lang.String,java.lang.String,java.lang.String,java.lang.String,java.lang.String,java.lang.String,java.lang.String,java.lang.String,java.lang.String,java.lang.String,java.lang.String,java.lang.String,java.lang.String,java.lang.String,java.lang.String,java.lang.String,java.lang.String,java.lang.String,java.lang.String,java.lang.String,java.lang.String,java.lang.String,java.lang.String,java.lang.String,java.lang.String,java.lang.String,java.lang.String,java.lang.String,java.lang.String,java.lang.String) throws java.awt.AWTException,java.lang.InterruptedException,java.io.IOException]]>
              </value>
            </param>
            <param index="1">
              <value>
                <![CDATA[[Ljava.lang.Object;@58cec85b]]>
              </value>
            </param>
          </params>
          <reporter-output>
          </reporter-output>
        </test-method> <!-- extractTestNameFromParameters -->
        <test-method status="PASS" signature="UpdateVirtualMachine(java.lang.String, java.lang.String, java.lang.String, java.lang.String, java.lang.String, java.lang.String, java.lang.String, java.lang.String, java.lang.String, java.lang.String, java.lang.String, java.lang.String, java.lang.String, java.lang.String, java.lang.String, java.lang.String, java.lang.String, java.lang.String, java.lang.String, java.lang.String, java.lang.String, java.lang.String, java.lang.String, java.lang.String, java.lang.String, java.lang.String, java.lang.String, java.lang.String, java.lang.String, java.lang.String, java.lang.String, java.lang.String)[pri:1, instance:BatchExecution.UpdateVMScenario@3e92efc3]" test-instance-name="cNetLogoutScenario" name="UpdateVirtualMachine" duration-ms="28" started-at="2017-07-18T12:22:56Z" data-provider="UpdateVM_Update" finished-at="2017-07-18T12:22:56Z">
          <params>
            <param index="0">
              <value>
                <![CDATA[Y]]>
              </value>
            </param>
            <param index="1">
              <value>
                <![CDATA[UpdateVM_Dallas_Azure_Dev59]]>
              </value>
            </param>
            <param index="2">
              <value>
                <![CDATA[Update]]>
              </value>
            </param>
            <param index="3">
              <value>
                <![CDATA[PRJ0010232]]>
              </value>
            </param>
            <param index="4">
              <value>
                <![CDATA[Dallas]]>
              </value>
            </param>
            <param index="5">
              <value>
                <![CDATA[Azure]]>
              </value>
            </param>
            <param index="6">
              <value>
                <![CDATA[]]>
              </value>
            </param>
            <param index="7">
              <value>
                <![CDATA[]]>
              </value>
            </param>
            <param index="8">
              <value>
                <![CDATA[Azure-AIMS-CNET-01]]>
              </value>
            </param>
            <param index="9">
              <value>
                <![CDATA[DEV-LNX-APACHE-59]]>
              </value>
            </param>
            <param index="10">
              <value>
                <![CDATA[t2.micro]]>
              </value>
            </param>
            <param index="11">
              <value>
                <![CDATA[No]]>
              </value>
            </param>
            <param index="12">
              <value>
                <![CDATA[]]>
              </value>
            </param>
            <param index="13">
              <value>
                <![CDATA[]]>
              </value>
            </param>
            <param index="14">
              <value>
                <![CDATA[]]>
              </value>
            </param>
            <param index="15">
              <value>
                <![CDATA[]]>
              </value>
            </param>
            <param index="16">
              <value>
                <![CDATA[]]>
              </value>
            </param>
            <param index="17">
              <value>
                <![CDATA[]]>
              </value>
            </param>
            <param index="18">
              <value>
                <![CDATA[UDP]]>
              </value>
            </param>
            <param index="19">
              <value>
                <![CDATA[Port]]>
              </value>
            </param>
            <param index="20">
              <value>
                <![CDATA[987654]]>
              </value>
            </param>
            <param index="21">
              <value>
                <![CDATA[Any]]>
              </value>
            </param>
            <param index="22">
              <value>
                <![CDATA[]]>
              </value>
            </param>
            <param index="23">
              <value>
                <![CDATA[23]]>
              </value>
            </param>
            <param index="24">
              <value>
                <![CDATA[411]]>
              </value>
            </param>
            <param index="25">
              <value>
                <![CDATA[]]>
              </value>
            </param>
            <param index="26">
              <value>
                <![CDATA[]]>
              </value>
            </param>
            <param index="27">
              <value>
                <![CDATA[Yes]]>
              </value>
            </param>
            <param index="28">
              <value>
                <![CDATA[No]]>
              </value>
            </param>
            <param index="29">
              <value>
                <![CDATA[Yes]]>
              </value>
            </param>
            <param index="30">
              <value>
                <![CDATA[Yes]]>
              </value>
            </param>
            <param index="31">
              <value>
                <![CDATA[478]]>
              </value>
            </param>
          </params>
          <reporter-output>
          </reporter-output>
        </test-method> <!-- UpdateVirtualMachine -->
        <test-method status="PASS" signature="extractTestNameFromParameters(java.lang.reflect.Method, [Ljava.lang.Object;)[pri:0, instance:BatchExecution.UpdateVMScenario@3e92efc3]" test-instance-name="cNetLogoutScenario" name="extractTestNameFromParameters" is-config="true" duration-ms="0" started-at="2017-07-18T12:22:56Z" finished-at="2017-07-18T12:22:56Z">
          <params>
            <param index="0">
              <value>
                <![CDATA[public void BatchExecution.UpdateVMScenario.UpdateVirtualMachine(java.lang.String,java.lang.String,java.lang.String,java.lang.String,java.lang.String,java.lang.String,java.lang.String,java.lang.String,java.lang.String,java.lang.String,java.lang.String,java.lang.String,java.lang.String,java.lang.String,java.lang.String,java.lang.String,java.lang.String,java.lang.String,java.lang.String,java.lang.String,java.lang.String,java.lang.String,java.lang.String,java.lang.String,java.lang.String,java.lang.String,java.lang.String,java.lang.String,java.lang.String,java.lang.String,java.lang.String,java.lang.String) throws java.awt.AWTException,java.lang.InterruptedException,java.io.IOException]]>
              </value>
            </param>
            <param index="1">
              <value>
                <![CDATA[[Ljava.lang.Object;@629f066f]]>
              </value>
            </param>
          </params>
          <reporter-output>
          </reporter-output>
        </test-method> <!-- extractTestNameFromParameters -->
        <test-method status="PASS" signature="UpdateVirtualMachine(java.lang.String, java.lang.String, java.lang.String, java.lang.String, java.lang.String, java.lang.String, java.lang.String, java.lang.String, java.lang.String, java.lang.String, java.lang.String, java.lang.String, java.lang.String, java.lang.String, java.lang.String, java.lang.String, java.lang.String, java.lang.String, java.lang.String, java.lang.String, java.lang.String, java.lang.String, java.lang.String, java.lang.String, java.lang.String, java.lang.String, java.lang.String, java.lang.String, java.lang.String, java.lang.String, java.lang.String, java.lang.String)[pri:1, instance:BatchExecution.UpdateVMScenario@3e92efc3]" test-instance-name="cNetLogoutScenario" name="UpdateVirtualMachine" duration-ms="20" started-at="2017-07-18T12:22:56Z" data-provider="UpdateVM_Update" finished-at="2017-07-18T12:22:56Z">
          <params>
            <param index="0">
              <value>
                <![CDATA[Y]]>
              </value>
            </param>
            <param index="1">
              <value>
                <![CDATA[UpdateVM_Dallas_Azure_Dev91]]>
              </value>
            </param>
            <param index="2">
              <value>
                <![CDATA[Update]]>
              </value>
            </param>
            <param index="3">
              <value>
                <![CDATA[PRJ0010232]]>
              </value>
            </param>
            <param index="4">
              <value>
                <![CDATA[Dallas]]>
              </value>
            </param>
            <param index="5">
              <value>
                <![CDATA[Azure]]>
              </value>
            </param>
            <param index="6">
              <value>
                <![CDATA[]]>
              </value>
            </param>
            <param index="7">
              <value>
                <![CDATA[]]>
              </value>
            </param>
            <param index="8">
              <value>
                <![CDATA[Azure-AIMS-CNET-01]]>
              </value>
            </param>
            <param index="9">
              <value>
                <![CDATA[DEV-LNX-APACHE-91]]>
              </value>
            </param>
            <param index="10">
              <value>
                <![CDATA[t2.small]]>
              </value>
            </param>
            <param index="11">
              <value>
                <![CDATA[Yes]]>
              </value>
            </param>
            <param index="12">
              <value>
                <![CDATA[HP]]>
              </value>
            </param>
            <param index="13">
              <value>
                <![CDATA[StorageName9]]>
              </value>
            </param>
            <param index="14">
              <value>
                <![CDATA[AggregateName9]]>
              </value>
            </param>
            <param index="15">
              <value>
                <![CDATA[Vserver9]]>
              </value>
            </param>
            <param index="16">
              <value>
                <![CDATA[21]]>
              </value>
            </param>
            <param index="17">
              <value>
                <![CDATA[GB]]>
              </value>
            </param>
            <param index="18">
              <value>
                <![CDATA[ICMP]]>
              </value>
            </param>
            <param index="19">
              <value>
                <![CDATA[Port Range]]>
              </value>
            </param>
            <param index="20">
              <value>
                <![CDATA[]]>
              </value>
            </param>
            <param index="21">
              <value>
                <![CDATA[IP Range]]>
              </value>
            </param>
            <param index="22">
              <value>
                <![CDATA[]]>
              </value>
            </param>
            <param index="23">
              <value>
                <![CDATA[31]]>
              </value>
            </param>
            <param index="24">
              <value>
                <![CDATA[41]]>
              </value>
            </param>
            <param index="25">
              <value>
                <![CDATA[51]]>
[...]
          <params>
            <param index="0">
              <value>
                <![CDATA[public void BatchExecution.UpdateVMScenario.UpdateVirtualMachine(java.lang.String,java.lang.String,java.lang.String,java.lang.String,java.lang.String,java.lang.String,java.lang.String,java.lang.String,java.lang.String,java.lang.String,java.lang.String) throws java.awt.AWTException,java.lang.InterruptedException,java.io.IOException]]>
              </value>
            </param>
            <param index="1">
              <value>
                <![CDATA[[Ljava.lang.Object;@3766c667]]>
              </value>
            </param>
          </params>
          <reporter-output>
          </reporter-output>
        </test-method> <!-- extractTestNameFromParameters -->
        <test-method status="FAIL" signature="UpdateVirtualMachine(java.lang.String, java.lang.String, java.lang.String, java.lang.String, java.lang.String, java.lang.String, java.lang.String, java.lang.String, java.lang.String, java.lang.String, java.lang.String)[pri:2, instance:BatchExecution.UpdateVMScenario@3e92efc3]" test-instance-name="cNetLogoutScenario" name="UpdateVirtualMachine" duration-ms="151341" started-at="2017-07-18T12:22:57Z" data-provider="UpdateVM_Delete" finished-at="2017-07-18T12:25:28Z">
          <params>
            <param index="0">
              <value>
                <![CDATA[Y]]>
              </value>
            </param>
            <param index="1">
              <value>
                <![CDATA[UpdateVM_NewYork_Delete_OpenStack_PRD30]]>
              </value>
            </param>
            <param index="2">
              <value>
                <![CDATA[Delete]]>
              </value>
            </param>
            <param index="3">
              <value>
                <![CDATA[PRJ0010232]]>
              </value>
            </param>
            <param index="4">
              <value>
                <![CDATA[Dallas]]>
              </value>
            </param>
            <param index="5">
              <value>
                <![CDATA[OpenStack]]>
              </value>
            </param>
            <param index="6">
              <value>
                <![CDATA[Server]]>
              </value>
            </param>
            <param index="7">
              <value>
                <![CDATA[]]>
              </value>
            </param>
            <param index="8">
              <value>
                <![CDATA[]]>
              </value>
            </param>
            <param index="9">
              <value>
                <![CDATA[OpenStack-AIMS-CNET-01]]>
              </value>
            </param>
            <param index="10">
              <value>
                <![CDATA[PRD-LNX-NGNX-30]]>
              </value>
            </param>
          </params>
          <exception class="atu.testng.reports.exceptions.ATUReporterStepFailedException">
            <full-stacktrace>
              <![CDATA[[ATU Custom Reporter Step Failed Exception]
	at atu.testng.reports.listeners.ATUReportsListener.onTestSuccess(Unknown Source)
	at org.testng.internal.Invoker.runTestListeners(Invoker.java:1690)
	at org.testng.internal.Invoker.runTestListeners(Invoker.java:1670)
	at org.testng.internal.Invoker.invokeMethod(Invoker.java:696)
	at org.testng.internal.Invoker.invokeTestMethod(Invoker.java:816)
	at org.testng.internal.Invoker.invokeTestMethods(Invoker.java:1124)
	at org.testng.internal.TestMethodWorker.invokeTestMethods(TestMethodWorker.java:125)
	at org.testng.internal.TestMethodWorker.run(TestMethodWorker.java:108)
	at org.testng.TestRunner.privateRun(TestRunner.java:774)
	at org.testng.TestRunner.run(TestRunner.java:624)
	at org.testng.SuiteRunner.runTest(SuiteRunner.java:359)
	at org.testng.SuiteRunner.runSequentially(SuiteRunner.java:354)
	at org.testng.SuiteRunner.privateRun(SuiteRunner.java:312)
	at org.testng.SuiteRunner.run(SuiteRunner.java:261)
	at org.testng.SuiteRunnerWorker.runSuite(SuiteRunnerWorker.java:52)
	at org.testng.SuiteRunnerWorker.run(SuiteRunnerWorker.java:86)
	at org.testng.TestNG.runSuitesSequentially(TestNG.java:1215)
	at org.testng.TestNG.runSuitesLocally(TestNG.java:1140)
	at org.testng.TestNG.run(TestNG.java:1048)
	at org.testng.remote.AbstractRemoteTestNG.run(AbstractRemoteTestNG.java:132)
	at org.testng.remote.RemoteTestNG.initAndRun(RemoteTestNG.java:230)
	at org.testng.remote.RemoteTestNG.main(RemoteTestNG.java:76)
]]>
            </full-stacktrace>
          </exception> <!-- atu.testng.reports.exceptions.ATUReporterStepFailedException -->
          <reporter-output>
            <line>
              <![CDATA[STEP8]]>
            </line>
            <line>
              <![CDATA[STEP9]]>
            </line>
            <line>
              <![CDATA[STEP10]]>
            </line>
            <line>
              <![CDATA[STEP11]]>
            </line>
            <line>
              <![CDATA[STEP12]]>
            </line>
            <line>
              <![CDATA[STEP13]]>
            </line>
            <line>
              <![CDATA[STEP14]]>
            </line>
            <line>
              <![CDATA[STEP15]]>
            </line>
            <line>
              <![CDATA[STEP16]]>
            </line>
            <line>
              <![CDATA[STEP17]]>
            </line>
            <line>
              <![CDATA[STEP18]]>
            </line>
            <line>
              <![CDATA[STEP19]]>
            </line>
            <line>
              <![CDATA[STEP20]]>
            </line>
            <line>
              <![CDATA[STEP21]]>
            </line>
            <line>
              <![CDATA[STEP22]]>
            </line>
            <line>
              <![CDATA[STEP23]]>
            </line>
            <line>
              <![CDATA[STEP24]]>
            </line>
            <line>
              <![CDATA[STEP25]]>
            </line>
            <line>
              <![CDATA[STEP26]]>
            </line>
            <line>
              <![CDATA[STEP27]]>
            </line>
            <line>
              <![CDATA[STEP28]]>
            </line>
            <line>
              <![CDATA[STEP29]]>
            </line>
            <line>
              <![CDATA[STEP30]]>
            </line>
            <line>
              <![CDATA[STEP31]]>
            </line>
            <line>
              <![CDATA[STEP32]]>
            </line>
            <line>
              <![CDATA[STEP33]]>
            </line>
            <line>
              <![CDATA[STEP34]]>
            </line>
            <line>
              <![CDATA[STEP35]]>
            </line>
            <line>
              <![CDATA[STEP36]]>
            </line>
            <line>
              <![CDATA[STEP37]]>
            </line>
            <line>
              <![CDATA[STEP38]]>
            </line>
            <line>
              <![CDATA[STEP39]]>
            </line>
            <line>
              <![CDATA[STEP40]]>
            </line>
            <line>
              <![CDATA[STEP41]]>
            </line>
            <line>
              <![CDATA[STEP42]]>
            </line>
            <line>
              <![CDATA[STEP43]]>
            </line>
          </reporter-output>
        </test-method> <!-- UpdateVirtualMachine -->
        <test-method status="PASS" signature="extractTestNameFromParameters(java.lang.reflect.Method, [Ljava.lang.Object;)[pri:0, instance:BatchExecution.UpdateVMScenario@3e92efc3]" test-instance-name="cNetLogoutScenario" name="extractTestNameFromParameters" is-config="true" duration-ms="1" started-at="2017-07-18T12:25:28Z" finished-at="2017-07-18T12:25:28Z">
          <params>
            <param index="0">
              <value>
                <![CDATA[public void BatchExecution.UpdateVMScenario.UpdateVirtualMachine(java.lang.String,java.lang.String,java.lang.String,java.lang.String,java.lang.String,java.lang.String,java.lang.String,java.lang.String,java.lang.String,java.lang.String,java.lang.String) throws java.awt.AWTException,java.lang.InterruptedException,java.io.IOException]]>
              </value>
            </param>
            <param index="1">
              <value>
                <![CDATA[[Ljava.lang.Object;@773c0293]]>
              </value>
            </param>
          </params>
          <reporter-output>
          </reporter-output>
        </test-method> <!-- extractTestNameFromParameters -->
        <test-method status="FAIL" signature="UpdateVirtualMachine(java.lang.String, java.lang.String, java.lang.String, java.lang.String, java.lang.String, java.lang.String, java.lang.String, java.lang.String, java.lang.String, java.lang.String, java.lang.String)[pri:2, instance:BatchExecution.UpdateVMScenario@3e92efc3]" test-instance-name="cNetLogoutScenario" name="UpdateVirtualMachine" duration-ms="25194" started-at="2017-07-18T12:25:28Z" data-provider="UpdateVM_Delete" finished-at="2017-07-18T12:25:53Z">
          <params>
            <param index="0">
              <value>
                <![CDATA[Y]]>
              </value>
            </param>
            <param index="1">
              <value>
                <![CDATA[UpdateVM_NewYork_Delete_OpenStack_DEV83]]>
              </value>
            </param>
            <param index="2">
              <value>
                <![CDATA[Delete]]>
              </value>
            </param>
            <param index="3">
              <value>
                <![CDATA[PRJ0010232]]>
              </value>
            </param>
            <param index="4">
              <value>
                <![CDATA[Dallas]]>
              </value>
            </param>
            <param index="5">
              <value>
                <![CDATA[OpenStack]]>
              </value>
            </param>
            <param index="6">
              <value>
                <![CDATA[Server]]>
              </value>
            </param>
            <param index="7">
              <value>
                <![CDATA[]]>
              </value>
            </param>
            <param index="8">
              <value>
                <![CDATA[]]>
              </value>
            </param>
            <param index="9">
              <value>
                <![CDATA[OpenStack-AIMS-CNET-01]]>
              </value>
            </param>
            <param index="10">
              <value>
                <![CDATA[DEV-WIN-TOMCAT-83]]>
              </value>
            </param>
          </params>
          <exception class="atu.testng.reports.exceptions.ATUReporterStepFailedException">
            <full-stacktrace>
              <![CDATA[[ATU Custom Reporter Step Failed Exception]
	at atu.testng.reports.listeners.ATUReportsListener.onTestSuccess(Unknown Source)
	at org.testng.internal.Invoker.runTestListeners(Invoker.java:1690)
	at org.testng.internal.Invoker.runTestListeners(Invoker.java:1670)
	at org.testng.internal.Invoker.invokeMethod(Invoker.java:696)
	at org.testng.internal.Invoker.invokeTestMethod(Invoker.java:816)
	at org.testng.internal.Invoker.invokeTestMethods(Invoker.java:1124)
	at org.testng.internal.TestMethodWorker.invokeTestMethods(TestMethodWorker.java:125)
	at org.testng.internal.TestMethodWorker.run(TestMethodWorker.java:108)
	at org.testng.TestRunner.privateRun(TestRunner.java:774)
	at org.testng.TestRunner.run(TestRunner.java:624)
	at org.testng.SuiteRunner.runTest(SuiteRunner.java:359)
	at org.testng.SuiteRunner.runSequentially(SuiteRunner.java:354)
	at org.testng.SuiteRunner.privateRun(SuiteRunner.java:312)
	at org.testng.SuiteRunner.run(SuiteRunner.java:261)
	at org.testng.SuiteRunnerWorker.runSuite(SuiteRunnerWorker.java:52)
	at org.testng.SuiteRunnerWorker.run(SuiteRunnerWorker.java:86)
	at org.testng.TestNG.runSuitesSequentially(TestNG.java:1215)
	at org.testng.TestNG.runSuitesLocally(TestNG.java:1140)
	at org.testng.TestNG.run(TestNG.java:1048)
	at org.testng.remote.AbstractRemoteTestNG.run(AbstractRemoteTestNG.java:132)
	at org.testng.remote.RemoteTestNG.initAndRun(RemoteTestNG.java:230)
	at org.testng.remote.RemoteTestNG.main(RemoteTestNG.java:76)
]]>
            </full-stacktrace>
          </exception> <!-- atu.testng.reports.exceptions.ATUReporterStepFailedException -->
          <reporter-output>
            <line>
              <![CDATA[STEP44]]>
            </line>
          </reporter-output>
        </test-method> <!-- UpdateVirtualMachine -->
        <test-method status="PASS" signature="extractTestNameFromParameters(java.lang.reflect.Method, [Ljava.lang.Object;)[pri:0, instance:BatchExecution.UpdateVMScenario@3e92efc3]" test-instance-name="cNetLogoutScenario" name="extractTestNameFromParameters" is-config="true" duration-ms="1" started-at="2017-07-18T12:25:53Z" finished-at="2017-07-18T12:25:53Z">
          <params>
            <param index="0">
              <value>
                <![CDATA[public void BatchExecution.UpdateVMScenario.UpdateVirtualMachine(java.lang.String,java.lang.String,java.lang.String,java.lang.String,java.lang.String,java.lang.String,java.lang.String,java.lang.String,java.lang.String,java.lang.String,java.lang.String) throws java.awt.AWTException,java.lang.InterruptedException,java.io.IOException]]>
              </value>
            </param>
            <param index="1">
              <value>
                <![CDATA[[Ljava.lang.Object;@55b8dbda]]>
              </value>
            </param>
          </params>
          <reporter-output>
          </reporter-output>
        </test-method> <!-- extractTestNameFromParameters -->
        <test-method status="FAIL" signature="UpdateVirtualMachine(java.lang.String, java.lang.String, java.lang.String, java.lang.String, java.lang.String, java.lang.String, java.lang.String, java.lang.String, java.lang.String, java.lang.String, java.lang.String)[pri:2, instance:BatchExecution.UpdateVMScenario@3e92efc3]" test-instance-name="cNetLogoutScenario" name="UpdateVirtualMachine" duration-ms="24731" started-at="2017-07-18T12:25:53Z" data-provider="UpdateVM_Delete" finished-at="2017-07-18T12:26:18Z">
          <params>
            <param index="0">
              <value>
                <![CDATA[Y]]>
              </value>
            </param>
            <param index="1">
              <value>
                <![CDATA[UpdateVM_NewYork_Delete_OpenStack_DEV13]]>
              </value>
            </param>
            <param index="2">
              <value>
                <![CDATA[Delete]]>
              </value>
            </param>
            <param index="3">
              <value>
                <![CDATA[PRJ0010232]]>
              </value>
            </param>
            <param index="4">
              <value>
                <![CDATA[Dallas]]>
              </value>
            </param>
            <param index="5">
              <value>
                <![CDATA[OpenStack]]>
              </value>
            </param>
            <param index="6">
              <value>
                <![CDATA[Server]]>
              </value>
            </param>
            <param index="7">
              <value>
                <![CDATA[]]>
              </value>
            </param>
            <param index="8">
              <value>
                <![CDATA[]]>
              </value>
            </param>
            <param index="9">
              <value>
                <![CDATA[OpenStack-AIMS-CNET-01]]>
              </value>
            </param>
            <param index="10">
              <value>
                <![CDATA[DEV-LNX-GRAPAHANA-13]]>
              </value>
            </param>
          </params>
          <exception class="atu.testng.reports.exceptions.ATUReporterStepFailedException">
            <full-stacktrace>
              <![CDATA[[ATU Custom Reporter Step Failed Exception]
	at atu.testng.reports.listeners.ATUReportsListener.onTestSuccess(Unknown Source)
	at org.testng.internal.Invoker.runTestListeners(Invoker.java:1690)
	at org.testng.internal.Invoker.runTestListeners(Invoker.java:1670)
	at org.testng.internal.Invoker.invokeMethod(Invoker.java:696)
	at org.testng.internal.Invoker.invokeTestMethod(Invoker.java:816)
	at org.testng.internal.Invoker.invokeTestMethods(Invoker.java:1124)
	at org.testng.internal.TestMethodWorker.invokeTestMethods(TestMethodWorker.java:125)
	at org.testng.internal.TestMethodWorker.run(TestMethodWorker.java:108)
	at org.testng.TestRunner.privateRun(TestRunner.java:774)
	at org.testng.TestRunner.run(TestRunner.java:624)
	at org.testng.SuiteRunner.runTest(SuiteRunner.java:359)
	at org.testng.SuiteRunner.runSequentially(SuiteRunner.java:354)
	at org.testng.SuiteRunner.privateRun(SuiteRunner.java:312)
	at org.testng.SuiteRunner.run(SuiteRunner.java:261)
	at org.testng.SuiteRunnerWorker.runSuite(SuiteRunnerWorker.java:52)
	at org.testng.SuiteRunnerWorker.run(SuiteRunnerWorker.java:86)
	at org.testng.TestNG.runSuitesSequentially(TestNG.java:1215)
	at org.testng.TestNG.runSuitesLocally(TestNG.java:1140)
	at org.testng.TestNG.run(TestNG.java:1048)
	at org.testng.remote.AbstractRemoteTestNG.run(AbstractRemoteTestNG.java:132)
	at org.testng.remote.RemoteTestNG.initAndRun(RemoteTestNG.java:230)
	at org.testng.remote.RemoteTestNG.main(RemoteTestNG.java:76)
]]>
            </full-stacktrace>
          </exception> <!-- atu.testng.reports.exceptions.ATUReporterStepFailedException -->
          <reporter-output>
            <line>
              <![CDATA[STEP45]]>
            </line>
          </reporter-output>
        </test-method> <!-- UpdateVirtualMachine -->
        <test-method status="PASS" signature="extractTestNameFromParameters(java.lang.reflect.Method, [Ljava.lang.Object;)[pri:0, instance:BatchExecution.UpdateVMScenario@3e92efc3]" test-instance-name="cNetLogoutScenario" name="extractTestNameFromParameters" is-config="true" duration-ms="1" started-at="2017-07-18T12:26:18Z" finished-at="2017-07-18T12:26:18Z">
          <params>
            <param index="0">
              <value>
                <![CDATA[public void BatchExecution.UpdateVMScenario.cNetLogoutScenario() throws java.awt.AWTException,java.lang.InterruptedException,java.io.IOException]]>
              </value>
            </param>
            <param index="1">
              <value>
                <![CDATA[[Ljava.lang.Object;@3b569985]]>
              </value>
            </param>
          </params>
          <reporter-output>
          </reporter-output>
        </test-method> <!-- extractTestNameFromParameters -->
        <test-method status="PASS" signature="cNetLogoutScenario()[pri:3, instance:BatchExecution.UpdateVMScenario@3e92efc3]" test-instance-name="cNetLogoutScenario" name="cNetLogoutScenario" duration-ms="16481" started-at="2017-07-18T12:26:18Z" finished-at="2017-07-18T12:26:35Z">
          <reporter-output>
          </reporter-output>
        </test-method> <!-- cNetLogoutScenario -->
        <test-method status="PASS" signature="tearDown()[pri:0, instance:BatchExecution.UpdateVMScenario@3e92efc3]" name="tearDown" is-config="true" duration-ms="2" started-at="2017-07-18T12:26:35Z" finished-at="2017-07-18T12:26:35Z">
          <reporter-output>
          </reporter-output>
        </test-method> <!-- tearDown -->
      </class> <!-- BatchExecution.UpdateVMScenario -->
    </test> <!-- Default test -->
  </suite> <!-- Default suite -->
</testng-results>
