<?xml version="1.0" encoding="UTF-8"?>
<!-- Generated by org.testng.reporters.JUnitXMLReporter -->
<testsuite hostname="DESKTOP-QQACKJ4" name="Default test" tests="4" failures="0" timestamp="6 Jul 2017 15:39:12 GMT" time="94.336" errors="0">
  <testcase name="cNetLoginScenario" time="10.33" classname="BatchExecution.Script_Execution_Transpose"/>
  <testcase name="UpdateVM_NewYork_AWS_Dev59" time="43.743" classname="BatchExecution.Script_Execution_Transpose"/>
  <testcase name="UpdateVM_NewYork_VMWare_Dev59" time="31.85" classname="BatchExecution.Script_Execution_Transpose"/>
  <testcase name="cNetLogoutScenario" time="2.222" classname="BatchExecution.Script_Execution_Transpose"/>
</testsuite> <!-- Default test -->
